Linear pretrain split: train=11829, val=3944, test=3944
Split setting: source=random, requested_train_test_ratio=4.0000
Backbone setting: base_model=gcn, hidden_dim=128, embedding_dim=128, num_layers=2, dropout=0.5, gat_heads=8
[Pretrain] epoch=001 loss=1.1115 train_acc=0.5437 val_acc=0.5525
[Pretrain] epoch=020 loss=0.4387 train_acc=0.8472 val_acc=0.8365
[Pretrain] epoch=040 loss=0.3516 train_acc=0.8838 val_acc=0.8725
[Pretrain] epoch=060 loss=0.3197 train_acc=0.8887 val_acc=0.8765
[Pretrain] epoch=080 loss=0.3009 train_acc=0.8968 val_acc=0.8872
[Pretrain] epoch=100 loss=0.2913 train_acc=0.9005 val_acc=0.8884
[Pretrain] epoch=120 loss=0.2903 train_acc=0.9012 val_acc=0.8879
[Pretrain] epoch=140 loss=0.2789 train_acc=0.9042 val_acc=0.8889
[Pretrain] epoch=160 loss=0.3098 train_acc=0.8937 val_acc=0.8829
[Pretrain] epoch=180 loss=0.2741 train_acc=0.9038 val_acc=0.8917
[Pretrain] epoch=200 loss=0.2692 train_acc=0.9066 val_acc=0.8933
[Pretrain] epoch=220 loss=0.2686 train_acc=0.9080 val_acc=0.8900
[Pretrain] epoch=240 loss=0.2651 train_acc=0.9111 val_acc=0.8889
[Pretrain] epoch=260 loss=0.2640 train_acc=0.9095 val_acc=0.8927
[Pretrain] epoch=280 loss=0.2615 train_acc=0.9112 val_acc=0.8907
[Pretrain] epoch=300 loss=0.2590 train_acc=0.9128 val_acc=0.8912
[Pretrain] selected epoch=293 val_acc=0.8948
[PubMed] embedding built after pretraining (shape=(19717, 128))
  selected-layer embedding (layer=1/2) shape=(19717, 128) mean=0.0028 std=0.0179 min=-0.1945 max=0.1613
Appended graph engineered features to prediction embedding: [lap_rw_resp_norm, neighbor_count, degree], new_total_dim=131
Applied feature normalization: none.
Split complete: x_train=(15773, 131), x_test=(3944, 131), num_classes=3, actual_train_test_ratio=3.9992
TabPFN test accuracy: 0.8938
TabPFN classification report:
              precision    recall  f1-score   support

           0     0.8625    0.8636    0.8631       821
           1     0.9004    0.9167    0.9085      1548
           2     0.9036    0.8870    0.8952      1575

    accuracy                         0.8938      3944
   macro avg     0.8888    0.8891    0.8889      3944
weighted avg     0.8938    0.8938    0.8937      3944

