=============================================== 
Run started at 2026/04/24 ÷ÐŒÂ 18:44:50.10 
Working directory: D:\university\GCN-TabPFN\code 
=============================================== 
 
---------- STEP 1 START 2026/04/24 ÷ÐŒÂ 18:44:50.15 ---------- 
Command: python examples/train_gcn_planetoid.py --dataset chameleon --base-model fagcn --encoder-fusion none --encoder-pretrain-head linear --prediction-head tabpfn --embedding-branch branch2 --pre-agg-pca-dim 64 --num-layers 2 --dropout 0.5 --split-source random --train-test-ratio 4 --val-size 0.25 --pretrain-epochs 300  --device cuda --tabpfn-device cuda --feature-normalization none 
[INFO] Step 1 completed successfully. 
---------- STEP 1 OUTPUT BEGIN ---------- 
Linear pretrain split: train=1365, val=456, test=456
Split setting: source=random, requested_train_test_ratio=4.0000
Backbone setting: base_model=fagcn, hidden_dim=128, embedding_dim=128, num_layers=2, dropout=0.5, gat_heads=8, linkx_edge_layers=1, linkx_node_layers=1, fagcn_eps=0.1, gpr_alpha=0.1
[Pretrain] epoch=001 loss=1.6086 train_acc=0.2286 val_acc=0.2303
[Pretrain] epoch=020 loss=1.6047 train_acc=0.2286 val_acc=0.2303
[Pretrain] epoch=040 loss=1.5627 train_acc=0.3355 val_acc=0.3443
[Pretrain] epoch=060 loss=1.4939 train_acc=0.3905 val_acc=0.3816
[Pretrain] epoch=080 loss=1.4332 train_acc=0.4564 val_acc=0.3882
[Pretrain] epoch=100 loss=1.2803 train_acc=0.4769 val_acc=0.3662
[Pretrain] epoch=120 loss=1.1218 train_acc=0.5993 val_acc=0.3838
[Pretrain] epoch=140 loss=1.0336 train_acc=0.7377 val_acc=0.3860
[Pretrain] epoch=160 loss=0.9505 train_acc=0.7392 val_acc=0.4211
[Pretrain] epoch=180 loss=0.8910 train_acc=0.8088 val_acc=0.4079
[Pretrain] epoch=200 loss=0.8959 train_acc=0.8527 val_acc=0.4298
[Pretrain] epoch=220 loss=0.8657 train_acc=0.8571 val_acc=0.4539
[Pretrain] epoch=240 loss=0.8817 train_acc=0.8769 val_acc=0.4452
[Pretrain] epoch=260 loss=0.8397 train_acc=0.8681 val_acc=0.4430
[Pretrain] epoch=280 loss=0.8330 train_acc=0.8498 val_acc=0.4189
[Pretrain] epoch=300 loss=0.8213 train_acc=0.8747 val_acc=0.4342
[Pretrain] selected epoch=297 val_acc=0.4649
[chameleon] embedding built after pretraining (shape=(2277, 128))
  selected-layer embedding (layer=1/2) shape=(2277, 128) mean=0.0003 std=0.0713 min=-1.6741 max=1.8346
Prediction embedding branch setting: branch=branch2, pre_agg_pca_dim=64, add_graph_engineered_features=True
[chameleon] prediction uses concatenated embedding: gnn_dim=128 + pre_agg_dim=64 -> total_dim=200
Appended graph engineered features to prediction embedding: [lap_rw_resp_norm, neighbor_count, degree, l2_diff_1hop(1), cos_sim_1hop(1), hop1_dispersion_trace(1), hop2_dispersion_trace(1), pagerank(1)], new_total_dim=200
Applied feature normalization: none.
Split complete: x_train=(1821, 200), x_test=(456, 200), num_classes=5, actual_train_test_ratio=3.9934
TabPFN test accuracy: 0.7127
TabPFN classification report:
              precision    recall  f1-score   support

           0     0.8769    0.6264    0.7308        91
           1     0.7931    0.7500    0.7709        92
           2     0.5528    0.7473    0.6355        91
           3     0.7204    0.6442    0.6802       104
           4     0.7273    0.8205    0.7711        78

    accuracy                         0.7127       456
   macro avg     0.7341    0.7177    0.7177       456
weighted avg     0.7340    0.7127    0.7152       456

---------- STEP 1 OUTPUT END ------------ 
---------- STEP 1 END 2026/04/24 ÷ÐŒÂ 18:45:51.42 ---------- 
 
---------- STEP 2 START 2026/04/24 ÷ÐŒÂ 18:45:51.45 ---------- 
Command: python examples/train_gcn_planetoid.py --dataset chameleon --base-model fagcn --encoder-fusion none --encoder-pretrain-head linear --prediction-head linear --embedding-branch branch2 --pre-agg-pca-dim 64 --num-layers 2 --dropout 0.5 --split-source random --train-test-ratio 4 --val-size 0.25 --pretrain-epochs 300  --device cuda --tabpfn-device cuda --feature-normalization none 
[INFO] Step 2 completed successfully. 
---------- STEP 2 OUTPUT BEGIN ---------- 
Linear pretrain split: train=1365, val=456, test=456
Split setting: source=random, requested_train_test_ratio=4.0000
Backbone setting: base_model=fagcn, hidden_dim=128, embedding_dim=128, num_layers=2, dropout=0.5, gat_heads=8, linkx_edge_layers=1, linkx_node_layers=1, fagcn_eps=0.1, gpr_alpha=0.1
[Pretrain] epoch=001 loss=1.6086 train_acc=0.2286 val_acc=0.2303
[Pretrain] epoch=020 loss=1.6047 train_acc=0.2286 val_acc=0.2303
[Pretrain] epoch=040 loss=1.5627 train_acc=0.3355 val_acc=0.3443
[Pretrain] epoch=060 loss=1.4939 train_acc=0.3905 val_acc=0.3816
[Pretrain] epoch=080 loss=1.4332 train_acc=0.4564 val_acc=0.3838
[Pretrain] epoch=100 loss=1.2827 train_acc=0.4813 val_acc=0.3596
[Pretrain] epoch=120 loss=1.1157 train_acc=0.6051 val_acc=0.3706
[Pretrain] epoch=140 loss=1.0279 train_acc=0.7333 val_acc=0.3904
[Pretrain] epoch=160 loss=0.9535 train_acc=0.7766 val_acc=0.3969
[Pretrain] epoch=180 loss=0.8970 train_acc=0.8249 val_acc=0.4276
[Pretrain] epoch=200 loss=0.8987 train_acc=0.8469 val_acc=0.4145
[Pretrain] epoch=220 loss=0.8578 train_acc=0.8381 val_acc=0.4145
[Pretrain] epoch=240 loss=0.8729 train_acc=0.8396 val_acc=0.4232
[Pretrain] epoch=260 loss=0.8384 train_acc=0.8813 val_acc=0.4254
[Pretrain] epoch=280 loss=0.8185 train_acc=0.8462 val_acc=0.4298
[Pretrain] epoch=300 loss=0.8260 train_acc=0.8747 val_acc=0.4408
[Pretrain] selected epoch=242 val_acc=0.4759
[chameleon] embedding built after pretraining (shape=(2277, 128))
  selected-layer embedding (layer=1/2) shape=(2277, 128) mean=0.0003 std=0.0712 min=-1.3948 max=1.5315
Prediction embedding branch setting: branch=branch2, pre_agg_pca_dim=64, add_graph_engineered_features=True
[chameleon] prediction uses concatenated embedding: gnn_dim=128 + pre_agg_dim=64 -> total_dim=200
Appended graph engineered features to prediction embedding: [lap_rw_resp_norm, neighbor_count, degree, l2_diff_1hop(1), cos_sim_1hop(1), hop1_dispersion_trace(1), hop2_dispersion_trace(1), pagerank(1)], new_total_dim=200
[LinearHead] epoch=001 loss=2.4496 train_acc=0.3033 val_acc=0.2939
[LinearHead] epoch=020 loss=0.9841 train_acc=0.6344 val_acc=0.4561
[LinearHead] epoch=040 loss=0.7581 train_acc=0.7619 val_acc=0.4803
[LinearHead] epoch=060 loss=0.6427 train_acc=0.8256 val_acc=0.4803
[LinearHead] epoch=080 loss=0.5654 train_acc=0.8586 val_acc=0.4715
[LinearHead] epoch=100 loss=0.5088 train_acc=0.8806 val_acc=0.4846
[LinearHead] epoch=120 loss=0.4654 train_acc=0.8930 val_acc=0.4934
[LinearHead] epoch=140 loss=0.4312 train_acc=0.9040 val_acc=0.4978
[LinearHead] epoch=160 loss=0.4034 train_acc=0.9136 val_acc=0.4890
[LinearHead] epoch=180 loss=0.3805 train_acc=0.9179 val_acc=0.4825
[LinearHead] epoch=200 loss=0.3613 train_acc=0.9289 val_acc=0.4825
[LinearHead] selected epoch=140 val_acc=0.4978
Linear-head test accuracy: 0.4627
Linear-head classification report:
              precision    recall  f1-score   support

           0     0.5349    0.5055    0.5198        91
           1     0.5526    0.4565    0.5000        92
           2     0.3947    0.3297    0.3593        91
           3     0.4324    0.4615    0.4465       104
           4     0.4206    0.5769    0.4865        78

    accuracy                         0.4627       456
   macro avg     0.4670    0.4660    0.4624       456
weighted avg     0.4676    0.4627    0.4614       456

---------- STEP 2 OUTPUT END ------------ 
---------- STEP 2 END 2026/04/24 ÷ÐŒÂ 18:46:05.15 ---------- 
 
---------- STEP 3 START 2026/04/24 ÷ÐŒÂ 18:46:05.18 ---------- 
Command: python examples/train_gcn_planetoid.py --dataset chameleon --base-model gprgnn --encoder-fusion none --encoder-pretrain-head linear --prediction-head tabpfn --embedding-branch branch2 --pre-agg-pca-dim 64 --num-layers 2 --dropout 0.5 --split-source random --train-test-ratio 4 --val-size 0.25 --pretrain-epochs 300  --device cuda --tabpfn-device cuda --feature-normalization none 
[INFO] Step 3 completed successfully. 
---------- STEP 3 OUTPUT BEGIN ---------- 
Linear pretrain split: train=1365, val=456, test=456
Split setting: source=random, requested_train_test_ratio=4.0000
Backbone setting: base_model=gprgnn, hidden_dim=128, embedding_dim=128, num_layers=2, dropout=0.5, gat_heads=8, linkx_edge_layers=1, linkx_node_layers=1, fagcn_eps=0.1, gpr_alpha=0.1
[Pretrain] epoch=001 loss=1.6112 train_acc=0.2007 val_acc=0.1974
[Pretrain] epoch=020 loss=1.2430 train_acc=0.5941 val_acc=0.3553
[Pretrain] epoch=040 loss=0.9041 train_acc=0.7934 val_acc=0.3465
[Pretrain] epoch=060 loss=0.7329 train_acc=0.8513 val_acc=0.3311
[Pretrain] epoch=080 loss=0.6141 train_acc=0.9084 val_acc=0.3618
[Pretrain] epoch=100 loss=0.4917 train_acc=0.9333 val_acc=0.4167
[Pretrain] epoch=120 loss=0.4908 train_acc=0.9436 val_acc=0.4583
[Pretrain] epoch=140 loss=0.4770 train_acc=0.9451 val_acc=0.4452
[Pretrain] epoch=160 loss=0.4446 train_acc=0.9414 val_acc=0.4605
[Pretrain] epoch=180 loss=0.4591 train_acc=0.9451 val_acc=0.4583
[Pretrain] epoch=200 loss=0.4458 train_acc=0.9443 val_acc=0.4583
[Pretrain] epoch=220 loss=0.4385 train_acc=0.9436 val_acc=0.4737
[Pretrain] epoch=240 loss=0.4652 train_acc=0.9451 val_acc=0.4978
[Pretrain] epoch=260 loss=0.4499 train_acc=0.9443 val_acc=0.4693
[Pretrain] epoch=280 loss=0.4321 train_acc=0.9458 val_acc=0.4627
[Pretrain] epoch=300 loss=0.4227 train_acc=0.9399 val_acc=0.4605
[Pretrain] selected epoch=240 val_acc=0.4978
[chameleon] embedding built after pretraining (shape=(2277, 128))
  selected-layer embedding (layer=1/2) shape=(2277, 128) mean=-0.0004 std=0.1139 min=-1.8843 max=2.1234
Prediction embedding branch setting: branch=branch2, pre_agg_pca_dim=64, add_graph_engineered_features=True
[chameleon] prediction uses concatenated embedding: gnn_dim=128 + pre_agg_dim=64 -> total_dim=200
Appended graph engineered features to prediction embedding: [lap_rw_resp_norm, neighbor_count, degree, l2_diff_1hop(1), cos_sim_1hop(1), hop1_dispersion_trace(1), hop2_dispersion_trace(1), pagerank(1)], new_total_dim=200
Applied feature normalization: none.
Split complete: x_train=(1821, 200), x_test=(456, 200), num_classes=5, actual_train_test_ratio=3.9934
TabPFN test accuracy: 0.6798
TabPFN classification report:
              precision    recall  f1-score   support

           0     0.7879    0.5714    0.6624        91
           1     0.7209    0.6739    0.6966        92
           2     0.5900    0.6484    0.6178        91
           3     0.6863    0.6731    0.6796       104
           4     0.6569    0.8590    0.7444        78

    accuracy                         0.6798       456
   macro avg     0.6884    0.6851    0.6802       456
weighted avg     0.6893    0.6798    0.6784       456

---------- STEP 3 OUTPUT END ------------ 
---------- STEP 3 END 2026/04/24 ÷ÐŒÂ 18:47:07.46 ---------- 
 
---------- STEP 4 START 2026/04/24 ÷ÐŒÂ 18:47:07.48 ---------- 
Command: python examples/train_gcn_planetoid.py --dataset chameleon --base-model gprgnn --encoder-fusion none --encoder-pretrain-head linear --prediction-head linear --embedding-branch branch2 --pre-agg-pca-dim 64 --num-layers 2 --dropout 0.5 --split-source random --train-test-ratio 4 --val-size 0.25 --pretrain-epochs 300  --device cuda --tabpfn-device cuda --feature-normalization none 
[INFO] Step 4 completed successfully. 
---------- STEP 4 OUTPUT BEGIN ---------- 
Linear pretrain split: train=1365, val=456, test=456
Split setting: source=random, requested_train_test_ratio=4.0000
Backbone setting: base_model=gprgnn, hidden_dim=128, embedding_dim=128, num_layers=2, dropout=0.5, gat_heads=8, linkx_edge_layers=1, linkx_node_layers=1, fagcn_eps=0.1, gpr_alpha=0.1
[Pretrain] epoch=001 loss=1.6112 train_acc=0.2007 val_acc=0.1974
[Pretrain] epoch=020 loss=1.2430 train_acc=0.5941 val_acc=0.3553
[Pretrain] epoch=040 loss=0.9041 train_acc=0.7934 val_acc=0.3465
[Pretrain] epoch=060 loss=0.7330 train_acc=0.8513 val_acc=0.3289
[Pretrain] epoch=080 loss=0.6144 train_acc=0.9077 val_acc=0.3618
[Pretrain] epoch=100 loss=0.4939 train_acc=0.9348 val_acc=0.4189
[Pretrain] epoch=120 loss=0.4924 train_acc=0.9443 val_acc=0.4561
[Pretrain] epoch=140 loss=0.4750 train_acc=0.9436 val_acc=0.4561
[Pretrain] epoch=160 loss=0.4391 train_acc=0.9414 val_acc=0.4474
[Pretrain] epoch=180 loss=0.4566 train_acc=0.9473 val_acc=0.4627
[Pretrain] epoch=200 loss=0.4442 train_acc=0.9414 val_acc=0.4561
[Pretrain] epoch=220 loss=0.4414 train_acc=0.9443 val_acc=0.4825
[Pretrain] epoch=240 loss=0.4643 train_acc=0.9421 val_acc=0.4868
[Pretrain] epoch=260 loss=0.4496 train_acc=0.9421 val_acc=0.4583
[Pretrain] epoch=280 loss=0.4180 train_acc=0.9436 val_acc=0.4583
[Pretrain] epoch=300 loss=0.4222 train_acc=0.9385 val_acc=0.4649
[Pretrain] selected epoch=215 val_acc=0.4934
[chameleon] embedding built after pretraining (shape=(2277, 128))
  selected-layer embedding (layer=1/2) shape=(2277, 128) mean=-0.0005 std=0.1093 min=-1.7628 max=2.0075
Prediction embedding branch setting: branch=branch2, pre_agg_pca_dim=64, add_graph_engineered_features=True
[chameleon] prediction uses concatenated embedding: gnn_dim=128 + pre_agg_dim=64 -> total_dim=200
Appended graph engineered features to prediction embedding: [lap_rw_resp_norm, neighbor_count, degree, l2_diff_1hop(1), cos_sim_1hop(1), hop1_dispersion_trace(1), hop2_dispersion_trace(1), pagerank(1)], new_total_dim=200
[LinearHead] epoch=001 loss=2.1287 train_acc=0.3451 val_acc=0.3114
[LinearHead] epoch=020 loss=0.4391 train_acc=0.9201 val_acc=0.4956
[LinearHead] epoch=040 loss=0.2286 train_acc=0.9626 val_acc=0.4868
[LinearHead] epoch=060 loss=0.1761 train_acc=0.9648 val_acc=0.4868
[LinearHead] epoch=080 loss=0.1545 train_acc=0.9678 val_acc=0.4956
[LinearHead] epoch=100 loss=0.1421 train_acc=0.9685 val_acc=0.4956
[LinearHead] epoch=120 loss=0.1338 train_acc=0.9700 val_acc=0.4978
[LinearHead] epoch=140 loss=0.1277 train_acc=0.9714 val_acc=0.5022
[LinearHead] epoch=160 loss=0.1230 train_acc=0.9722 val_acc=0.5022
[LinearHead] epoch=180 loss=0.1194 train_acc=0.9722 val_acc=0.5022
[LinearHead] epoch=200 loss=0.1164 train_acc=0.9722 val_acc=0.4978
[LinearHead] selected epoch=026 val_acc=0.5044
Linear-head test accuracy: 0.4539
Linear-head classification report:
              precision    recall  f1-score   support

           0     0.5714    0.5275    0.5486        91
           1     0.5556    0.4348    0.4878        92
           2     0.4833    0.3187    0.3841        91
           3     0.4220    0.4423    0.4319       104
           4     0.3359    0.5641    0.4211        78

    accuracy                         0.4539       456
   macro avg     0.4736    0.4575    0.4547       456
weighted avg     0.4763    0.4539    0.4551       456

---------- STEP 4 OUTPUT END ------------ 
---------- STEP 4 END 2026/04/24 ÷ÐŒÂ 18:47:20.66 ---------- 
 
---------- STEP 5 START 2026/04/24 ÷ÐŒÂ 18:47:20.69 ---------- 
Command: python examples/train_gcn_planetoid.py --dataset chameleon --base-model h2gcn --encoder-fusion none --encoder-pretrain-head linear --prediction-head tabpfn --embedding-branch branch2 --pre-agg-pca-dim 64 --num-layers 2 --dropout 0.5 --split-source random --train-test-ratio 4 --val-size 0.25 --pretrain-epochs 300  --device cuda --tabpfn-device cuda --feature-normalization none 
[INFO] Step 5 completed successfully. 
---------- STEP 5 OUTPUT BEGIN ---------- 
Linear pretrain split: train=1365, val=456, test=456
Split setting: source=random, requested_train_test_ratio=4.0000
Backbone setting: base_model=h2gcn, hidden_dim=128, embedding_dim=128, num_layers=2, dropout=0.5, gat_heads=8, linkx_edge_layers=1, linkx_node_layers=1, fagcn_eps=0.1, gpr_alpha=0.1
[Pretrain] epoch=001 loss=1.6110 train_acc=0.2286 val_acc=0.2303
[Pretrain] epoch=020 loss=1.5674 train_acc=0.2872 val_acc=0.2719
[Pretrain] epoch=040 loss=1.4994 train_acc=0.3223 val_acc=0.3114
[Pretrain] epoch=060 loss=1.4750 train_acc=0.3348 val_acc=0.3114
[Pretrain] epoch=080 loss=1.4607 train_acc=0.3524 val_acc=0.3048
[Pretrain] epoch=100 loss=1.4647 train_acc=0.3443 val_acc=0.3114
[Pretrain] epoch=120 loss=1.4518 train_acc=0.3516 val_acc=0.3092
[Pretrain] epoch=140 loss=1.4446 train_acc=0.3626 val_acc=0.3202
[Pretrain] epoch=160 loss=1.4340 train_acc=0.3568 val_acc=0.3180
[Pretrain] epoch=180 loss=1.4099 train_acc=0.3685 val_acc=0.3180
[Pretrain] epoch=200 loss=1.4153 train_acc=0.3744 val_acc=0.3158
[Pretrain] epoch=220 loss=1.4138 train_acc=0.3722 val_acc=0.3114
[Pretrain] epoch=240 loss=1.4081 train_acc=0.3824 val_acc=0.3180
[Pretrain] epoch=260 loss=1.4145 train_acc=0.3641 val_acc=0.3136
[Pretrain] epoch=280 loss=1.4028 train_acc=0.3802 val_acc=0.3114
[Pretrain] epoch=300 loss=1.3949 train_acc=0.3861 val_acc=0.3311
[Pretrain] selected epoch=268 val_acc=0.3443
[chameleon] embedding built after pretraining (shape=(2277, 128))
  selected-layer embedding (layer=1/2) shape=(2277, 128) mean=0.0051 std=0.0363 min=-0.3145 max=0.3467
Prediction embedding branch setting: branch=branch2, pre_agg_pca_dim=64, add_graph_engineered_features=True
[chameleon] prediction uses concatenated embedding: gnn_dim=128 + pre_agg_dim=64 -> total_dim=200
Appended graph engineered features to prediction embedding: [lap_rw_resp_norm, neighbor_count, degree, l2_diff_1hop(1), cos_sim_1hop(1), hop1_dispersion_trace(1), hop2_dispersion_trace(1), pagerank(1)], new_total_dim=200
Applied feature normalization: none.
Split complete: x_train=(1821, 200), x_test=(456, 200), num_classes=5, actual_train_test_ratio=3.9934
TabPFN test accuracy: 0.7807
TabPFN classification report:
              precision    recall  f1-score   support

           0     0.8906    0.6264    0.7355        91
           1     0.8132    0.8043    0.8087        92
           2     0.6729    0.7912    0.7273        91
           3     0.8000    0.7692    0.7843       104
           4     0.7766    0.9359    0.8488        78

    accuracy                         0.7807       456
   macro avg     0.7907    0.7854    0.7809       456
weighted avg     0.7914    0.7807    0.7792       456

---------- STEP 5 OUTPUT END ------------ 
---------- STEP 5 END 2026/04/24 ÷ÐŒÂ 18:48:23.94 ---------- 
 
---------- STEP 6 START 2026/04/24 ÷ÐŒÂ 18:48:23.96 ---------- 
Command: python examples/train_gcn_planetoid.py --dataset squirrel --base-model h2gcn --encoder-fusion none --encoder-pretrain-head linear --prediction-head linear --embedding-branch branch2 --pre-agg-pca-dim 64 --num-layers 2 --dropout 0.5 --split-source random --train-test-ratio 4 --val-size 0.25 --pretrain-epochs 300  --device cuda --tabpfn-device cuda --feature-normalization none 
[INFO] Step 6 completed successfully. 
---------- STEP 6 OUTPUT BEGIN ---------- 
Linear pretrain split: train=3120, val=1040, test=1041
Split setting: source=random, requested_train_test_ratio=4.0000
Backbone setting: base_model=h2gcn, hidden_dim=128, embedding_dim=128, num_layers=2, dropout=0.5, gat_heads=8, linkx_edge_layers=1, linkx_node_layers=1, fagcn_eps=0.1, gpr_alpha=0.1
[Pretrain] epoch=001 loss=1.6092 train_acc=0.2635 val_acc=0.2856
[Pretrain] epoch=020 loss=1.5514 train_acc=0.2958 val_acc=0.3077
[Pretrain] epoch=040 loss=1.5415 train_acc=0.2958 val_acc=0.3077
[Pretrain] epoch=060 loss=1.5228 train_acc=0.3000 val_acc=0.3029
[Pretrain] epoch=080 loss=1.5242 train_acc=0.3038 val_acc=0.3029
[Pretrain] epoch=100 loss=1.5149 train_acc=0.3067 val_acc=0.3000
[Pretrain] epoch=120 loss=1.5212 train_acc=0.3064 val_acc=0.2654
[Pretrain] epoch=140 loss=1.5188 train_acc=0.3106 val_acc=0.2952
[Pretrain] epoch=160 loss=1.5059 train_acc=0.3058 val_acc=0.3010
[Pretrain] epoch=180 loss=1.5144 train_acc=0.3135 val_acc=0.2990
[Pretrain] epoch=200 loss=1.5095 train_acc=0.3131 val_acc=0.2923
[Pretrain] epoch=220 loss=1.5048 train_acc=0.3202 val_acc=0.2913
[Pretrain] epoch=240 loss=1.5212 train_acc=0.3183 val_acc=0.3010
[Pretrain] epoch=260 loss=1.4999 train_acc=0.3167 val_acc=0.2894
[Pretrain] epoch=280 loss=1.5065 train_acc=0.3196 val_acc=0.2875
[Pretrain] epoch=300 loss=1.5077 train_acc=0.3179 val_acc=0.2740
[Pretrain] selected epoch=078 val_acc=0.3087
[squirrel] embedding built after pretraining (shape=(5201, 128))
  selected-layer embedding (layer=1/2) shape=(5201, 128) mean=0.0024 std=0.0381 min=-0.1907 max=0.1610
Prediction embedding branch setting: branch=branch2, pre_agg_pca_dim=64, add_graph_engineered_features=True
[squirrel] prediction uses concatenated embedding: gnn_dim=128 + pre_agg_dim=64 -> total_dim=200
Appended graph engineered features to prediction embedding: [lap_rw_resp_norm, neighbor_count, degree, l2_diff_1hop(1), cos_sim_1hop(1), hop1_dispersion_trace(1), hop2_dispersion_trace(1), pagerank(1)], new_total_dim=200
[LinearHead] epoch=001 loss=4.5462 train_acc=0.2058 val_acc=0.1962
[LinearHead] epoch=020 loss=1.5960 train_acc=0.3333 val_acc=0.3096
[LinearHead] epoch=040 loss=1.3953 train_acc=0.3840 val_acc=0.3433
[LinearHead] epoch=060 loss=1.3775 train_acc=0.3875 val_acc=0.3404
[LinearHead] epoch=080 loss=1.3684 train_acc=0.3936 val_acc=0.3567
[LinearHead] epoch=100 loss=1.3614 train_acc=0.3939 val_acc=0.3519
[LinearHead] epoch=120 loss=1.3557 train_acc=0.3933 val_acc=0.3529
[LinearHead] epoch=140 loss=1.3507 train_acc=0.4000 val_acc=0.3567
[LinearHead] epoch=160 loss=1.3463 train_acc=0.4022 val_acc=0.3587
[LinearHead] epoch=180 loss=1.3425 train_acc=0.4032 val_acc=0.3606
[LinearHead] epoch=200 loss=1.3391 train_acc=0.4058 val_acc=0.3596
[LinearHead] selected epoch=182 val_acc=0.3615
Linear-head test accuracy: 0.3420
Linear-head classification report:
              precision    recall  f1-score   support

           0     0.4444    0.4593    0.4518       209
           1     0.2953    0.2115    0.2465       208
           2     0.2160    0.2212    0.2185       208
           3     0.2732    0.2404    0.2558       208
           4     0.4286    0.5769    0.4918       208

    accuracy                         0.3420      1041
   macro avg     0.3315    0.3419    0.3329      1041
weighted avg     0.3316    0.3420    0.3330      1041

---------- STEP 6 OUTPUT END ------------ 
---------- STEP 6 END 2026/04/24 ÷ÐŒÂ 18:49:00.96 ---------- 
[INFO] All commands finished successfully. 
Run finished at 2026/04/24 ÷ÐŒÂ 18:49:01.00 
=============================================== 
