Linear pretrain split: train=8250, val=2751, test=2751
Split setting: source=random, requested_train_test_ratio=4.0000
Backbone setting: base_model=gat, hidden_dim=128, embedding_dim=128, num_layers=2, dropout=0.5, gat_heads=8, linkx_edge_layers=1, linkx_node_layers=1, fagcn_eps=0.1, gpr_alpha=0.1
[Pretrain] epoch=001 loss=2.2906 train_acc=0.3750 val_acc=0.3751
[Pretrain] epoch=020 loss=1.8060 train_acc=0.3748 val_acc=0.3744
[Pretrain] epoch=040 loss=1.4733 train_acc=0.5556 val_acc=0.5522
[Pretrain] epoch=060 loss=1.0998 train_acc=0.6771 val_acc=0.6747
[Pretrain] epoch=080 loss=0.8987 train_acc=0.7507 val_acc=0.7550
[Pretrain] epoch=100 loss=0.7606 train_acc=0.7792 val_acc=0.7735
[Pretrain] epoch=120 loss=0.7505 train_acc=0.7524 val_acc=0.7514
[Pretrain] epoch=140 loss=0.7003 train_acc=0.7872 val_acc=0.7863
[Pretrain] epoch=160 loss=0.7176 train_acc=0.7985 val_acc=0.7939
[Pretrain] epoch=180 loss=0.6137 train_acc=0.8227 val_acc=0.8124
[Pretrain] epoch=200 loss=1.0211 train_acc=0.6821 val_acc=0.6779
[Pretrain] epoch=220 loss=0.8053 train_acc=0.7657 val_acc=0.7590
[Pretrain] epoch=240 loss=0.6397 train_acc=0.8041 val_acc=0.7986
[Pretrain] epoch=260 loss=0.6073 train_acc=0.8444 val_acc=0.8328
[Pretrain] epoch=280 loss=0.5915 train_acc=0.8413 val_acc=0.8306
[Pretrain] epoch=300 loss=0.5822 train_acc=0.8465 val_acc=0.8346
[Pretrain] selected epoch=279 val_acc=0.8397
[Computers] embedding built after pretraining (shape=(13752, 128))
  selected-layer embedding (layer=1/2) shape=(13752, 1024) mean=0.0003 std=0.0040 min=-0.0591 max=0.0766
Prediction embedding branch setting: branch=branch2, pre_agg_pca_dim=0, add_graph_engineered_features=True
Appended graph engineered features to prediction embedding: [lap_rw_resp_norm, neighbor_count, degree, l2_diff_1hop(1), cos_sim_1hop(1), hop1_dispersion_trace(1), hop2_dispersion_trace(1), pagerank(1)], new_total_dim=136
Applied feature normalization: none.
Split complete: x_train=(11001, 136), x_test=(2751, 136), num_classes=10, actual_train_test_ratio=3.9989
TabPFN test accuracy: 0.9026
TabPFN classification report:
              precision    recall  f1-score   support

           0     0.9277    0.8851    0.9059        87
           1     0.9345    0.8974    0.9156       429
           2     0.9267    0.9823    0.9537       283
           3     0.8636    0.8796    0.8716       108
           4     0.9266    0.9176    0.9221      1032
           5     0.9683    0.9839    0.9760        62
           6     0.8333    0.6186    0.7101        97
           7     0.9222    0.9390    0.9305       164
           8     0.8118    0.8608    0.8356       431
           9     0.8462    0.9483    0.8943        58

    accuracy                         0.9026      2751
   macro avg     0.8961    0.8913    0.8915      2751
weighted avg     0.9031    0.9026    0.9019      2751

