Linear pretrain split: train=3120, val=1040, test=1041
Split setting: source=random, requested_train_test_ratio=4.0000
Backbone setting: base_model=sage, hidden_dim=128, embedding_dim=128, num_layers=1, dropout=0.5, gat_heads=8
[Pretrain] epoch=001 loss=1.6106 train_acc=0.3853 val_acc=0.2837
[Pretrain] epoch=020 loss=1.2852 train_acc=0.6019 val_acc=0.3000
[Pretrain] epoch=040 loss=1.0624 train_acc=0.6904 val_acc=0.2933
[Pretrain] epoch=060 loss=0.9253 train_acc=0.7317 val_acc=0.2923
[Pretrain] epoch=080 loss=0.8318 train_acc=0.7830 val_acc=0.2971
[Pretrain] epoch=100 loss=0.7675 train_acc=0.8077 val_acc=0.3000
[Pretrain] epoch=120 loss=0.7214 train_acc=0.8234 val_acc=0.2933
[Pretrain] epoch=140 loss=0.6871 train_acc=0.8401 val_acc=0.2904
[Pretrain] epoch=160 loss=0.6605 train_acc=0.8532 val_acc=0.2933
[Pretrain] epoch=180 loss=0.6435 train_acc=0.8583 val_acc=0.2942
[Pretrain] epoch=200 loss=0.6268 train_acc=0.8631 val_acc=0.2942
[Pretrain] epoch=220 loss=0.6179 train_acc=0.8663 val_acc=0.2923
[Pretrain] epoch=240 loss=0.6081 train_acc=0.8740 val_acc=0.2913
[Pretrain] epoch=260 loss=0.6046 train_acc=0.8635 val_acc=0.2875
[Pretrain] epoch=280 loss=0.5987 train_acc=0.8779 val_acc=0.2923
[Pretrain] epoch=300 loss=0.5946 train_acc=0.8766 val_acc=0.2904
[Pretrain] selected epoch=041 val_acc=0.3106
[squirrel] embedding built after pretraining (shape=(5201, 128))
  selected-layer embedding (layer=1/1) shape=(5201, 128) mean=0.0004 std=0.0321 min=-0.3198 max=0.3067
[squirrel] prediction uses concatenated embedding: gnn_dim=128 + pre_agg_dim=128 -> total_dim=259
Appended graph engineered features to prediction embedding: [lap_rw_resp_norm, neighbor_count, degree], new_total_dim=259
[LinearHead] epoch=001 loss=3.1858 train_acc=0.2269 val_acc=0.1827
[LinearHead] epoch=020 loss=1.1906 train_acc=0.5125 val_acc=0.3106
[LinearHead] epoch=040 loss=1.0156 train_acc=0.6538 val_acc=0.3183
[LinearHead] epoch=060 loss=0.9155 train_acc=0.6843 val_acc=0.3240
[LinearHead] epoch=080 loss=0.8547 train_acc=0.7058 val_acc=0.3221
[LinearHead] epoch=100 loss=0.8130 train_acc=0.7176 val_acc=0.3221
[LinearHead] epoch=120 loss=0.7830 train_acc=0.7263 val_acc=0.3231
[LinearHead] epoch=140 loss=0.7605 train_acc=0.7333 val_acc=0.3183
[LinearHead] epoch=160 loss=0.7432 train_acc=0.7353 val_acc=0.3183
[LinearHead] epoch=180 loss=0.7296 train_acc=0.7372 val_acc=0.3135
[LinearHead] epoch=200 loss=0.7189 train_acc=0.7372 val_acc=0.3144
[LinearHead] selected epoch=063 val_acc=0.3288
Linear-head test accuracy: 0.3343
Linear-head classification report:
              precision    recall  f1-score   support

           0     0.4114    0.3445    0.3750       209
           1     0.2750    0.2644    0.2696       208
           2     0.2637    0.2548    0.2592       208
           3     0.3184    0.3077    0.3130       208
           4     0.3939    0.5000    0.4407       208

    accuracy                         0.3343      1041
   macro avg     0.3325    0.3343    0.3315      1041
weighted avg     0.3326    0.3343    0.3315      1041

