=============================================== 
Run started at 2026/04/25 ÖÜĮł 20:42:15.49 
Working directory: D:\university\GCN-TabPFN\code 
=============================================== 
 
---------- STEP 1 START 2026/04/25 ÖÜĮł 20:42:15.53 ---------- 
Command: python examples/train_gcn_planetoid.py --dataset PubMed --base-model gcn --encoder-fusion none --encoder-pretrain-head linear --prediction-head linear --embedding-branch branch2  --num-layers 2 --dropout 0.5 --split-source random --train-test-ratio 4 --val-size 0.25 --pretrain-epochs 300  --device cuda --tabpfn-device cuda --feature-normalization none 
[INFO] Step 1 completed successfully. 
---------- STEP 1 OUTPUT BEGIN ---------- 
Linear pretrain split: train=11829, val=3944, test=3944
Split setting: source=random, requested_train_test_ratio=4.0000
Backbone setting: base_model=gcn, hidden_dim=128, embedding_dim=128, num_layers=2, dropout=0.5, gat_heads=8, linkx_edge_layers=1, linkx_node_layers=1, fagcn_eps=0.1, gpr_alpha=0.1
[Pretrain] epoch=001 loss=1.1115 train_acc=0.5437 val_acc=0.5525
[Pretrain] epoch=020 loss=0.4387 train_acc=0.8472 val_acc=0.8365
[Pretrain] epoch=040 loss=0.3516 train_acc=0.8838 val_acc=0.8725
[Pretrain] epoch=060 loss=0.3197 train_acc=0.8887 val_acc=0.8765
[Pretrain] epoch=080 loss=0.3009 train_acc=0.8969 val_acc=0.8869
[Pretrain] epoch=100 loss=0.2913 train_acc=0.9003 val_acc=0.8882
[Pretrain] epoch=120 loss=0.2901 train_acc=0.9013 val_acc=0.8884
[Pretrain] epoch=140 loss=0.2792 train_acc=0.9040 val_acc=0.8902
[Pretrain] epoch=160 loss=0.2755 train_acc=0.8987 val_acc=0.8747
[Pretrain] epoch=180 loss=0.2789 train_acc=0.9069 val_acc=0.8910
[Pretrain] epoch=200 loss=0.2700 train_acc=0.9070 val_acc=0.8922
[Pretrain] epoch=220 loss=0.2694 train_acc=0.9091 val_acc=0.8892
[Pretrain] epoch=240 loss=0.2665 train_acc=0.9096 val_acc=0.8882
[Pretrain] epoch=260 loss=0.2661 train_acc=0.9113 val_acc=0.8884
[Pretrain] epoch=280 loss=0.2607 train_acc=0.9115 val_acc=0.8912
[Pretrain] epoch=300 loss=0.2573 train_acc=0.9110 val_acc=0.8900
[Pretrain] selected epoch=250 val_acc=0.8943
[PubMed] embedding built after pretraining (shape=(19717, 128))
  selected-layer embedding (layer=1/2) shape=(19717, 128) mean=0.0014 std=0.0214 min=-0.1939 max=0.1574
Prediction embedding branch setting: branch=branch2, pre_agg_pca_dim=0, add_graph_engineered_features=True
Appended graph engineered features to prediction embedding: [lap_rw_resp_norm, neighbor_count, degree, l2_diff_1hop(1), cos_sim_1hop(1), hop1_dispersion_trace(1), hop2_dispersion_trace(1), pagerank(1)], new_total_dim=136
[LinearHead] epoch=001 loss=1.1183 train_acc=0.3953 val_acc=0.3968
[LinearHead] epoch=020 loss=0.5088 train_acc=0.9035 val_acc=0.8818
[LinearHead] epoch=040 loss=0.3478 train_acc=0.9101 val_acc=0.8927
[LinearHead] epoch=060 loss=0.2986 train_acc=0.9104 val_acc=0.8917
[LinearHead] epoch=080 loss=0.2773 train_acc=0.9106 val_acc=0.8912
[LinearHead] epoch=100 loss=0.2657 train_acc=0.9107 val_acc=0.8910
[LinearHead] epoch=120 loss=0.2587 train_acc=0.9109 val_acc=0.8907
[LinearHead] epoch=140 loss=0.2541 train_acc=0.9112 val_acc=0.8912
[LinearHead] epoch=160 loss=0.2510 train_acc=0.9113 val_acc=0.8910
[LinearHead] epoch=180 loss=0.2489 train_acc=0.9112 val_acc=0.8905
[LinearHead] epoch=200 loss=0.2474 train_acc=0.9115 val_acc=0.8910
[LinearHead] selected epoch=035 val_acc=0.8930
Linear-head test accuracy: 0.8874
Linear-head classification report:
              precision    recall  f1-score   support

           0     0.8661    0.8429    0.8543       821
           1     0.8818    0.9257    0.9032      1548
           2     0.9046    0.8730    0.8885      1575

    accuracy                         0.8874      3944
   macro avg     0.8842    0.8805    0.8820      3944
weighted avg     0.8877    0.8874    0.8872      3944

---------- STEP 1 OUTPUT END ------------ 
---------- STEP 1 END 2026/04/25 ÖÜĮł 20:42:43.19 ---------- 
 
---------- STEP 2 START 2026/04/25 ÖÜĮł 20:42:43.21 ---------- 
Command: python examples/train_gcn_planetoid.py --dataset PubMed --base-model gcn --encoder-fusion none --encoder-pretrain-head linear --prediction-head tabpfn --embedding-branch branch2  --num-layers 2 --dropout 0.5 --split-source random --train-test-ratio 4 --val-size 0.25 --pretrain-epochs 300  --device cuda --tabpfn-device cuda --feature-normalization none 
[INFO] Step 2 completed successfully. 
---------- STEP 2 OUTPUT BEGIN ---------- 
Linear pretrain split: train=11829, val=3944, test=3944
Split setting: source=random, requested_train_test_ratio=4.0000
Backbone setting: base_model=gcn, hidden_dim=128, embedding_dim=128, num_layers=2, dropout=0.5, gat_heads=8, linkx_edge_layers=1, linkx_node_layers=1, fagcn_eps=0.1, gpr_alpha=0.1
[Pretrain] epoch=001 loss=1.1115 train_acc=0.5437 val_acc=0.5525
[Pretrain] epoch=020 loss=0.4387 train_acc=0.8472 val_acc=0.8365
[Pretrain] epoch=040 loss=0.3516 train_acc=0.8838 val_acc=0.8725
[Pretrain] epoch=060 loss=0.3197 train_acc=0.8887 val_acc=0.8765
[Pretrain] epoch=080 loss=0.3009 train_acc=0.8968 val_acc=0.8869
[Pretrain] epoch=100 loss=0.2912 train_acc=0.9004 val_acc=0.8889
[Pretrain] epoch=120 loss=0.2901 train_acc=0.9013 val_acc=0.8887
[Pretrain] epoch=140 loss=0.2793 train_acc=0.9043 val_acc=0.8900
[Pretrain] epoch=160 loss=0.2784 train_acc=0.9003 val_acc=0.8793
[Pretrain] epoch=180 loss=0.2727 train_acc=0.9053 val_acc=0.8859
[Pretrain] epoch=200 loss=0.2704 train_acc=0.9059 val_acc=0.8920
[Pretrain] epoch=220 loss=0.2679 train_acc=0.9091 val_acc=0.8917
[Pretrain] epoch=240 loss=0.2646 train_acc=0.9112 val_acc=0.8884
[Pretrain] epoch=260 loss=0.2652 train_acc=0.9110 val_acc=0.8900
[Pretrain] epoch=280 loss=0.2599 train_acc=0.9112 val_acc=0.8917
[Pretrain] epoch=300 loss=0.2638 train_acc=0.9096 val_acc=0.8940
[Pretrain] selected epoch=187 val_acc=0.8943
[PubMed] embedding built after pretraining (shape=(19717, 128))
  selected-layer embedding (layer=1/2) shape=(19717, 128) mean=0.0013 std=0.0204 min=-0.1871 max=0.2034
Prediction embedding branch setting: branch=branch2, pre_agg_pca_dim=0, add_graph_engineered_features=True
Appended graph engineered features to prediction embedding: [lap_rw_resp_norm, neighbor_count, degree, l2_diff_1hop(1), cos_sim_1hop(1), hop1_dispersion_trace(1), hop2_dispersion_trace(1), pagerank(1)], new_total_dim=136
Applied feature normalization: none.
Split complete: x_train=(15773, 136), x_test=(3944, 136), num_classes=3, actual_train_test_ratio=3.9992
TabPFN test accuracy: 0.8925
TabPFN classification report:
              precision    recall  f1-score   support

           0     0.8625    0.8636    0.8631       821
           1     0.8969    0.9160    0.9064      1548
           2     0.9040    0.8844    0.8941      1575

    accuracy                         0.8925      3944
   macro avg     0.8878    0.8880    0.8878      3944
weighted avg     0.8926    0.8925    0.8924      3944

---------- STEP 2 OUTPUT END ------------ 
---------- STEP 2 END 2026/04/25 ÖÜĮł 22:02:16.22 ---------- 
 
---------- STEP 3 START 2026/04/25 ÖÜĮł 22:02:16.24 ---------- 
Command: python examples/train_gcn_planetoid.py --dataset PubMed --base-model gat --encoder-fusion none --encoder-pretrain-head linear --prediction-head linear --embedding-branch branch2  --num-layers 2 --dropout 0.5 --split-source random --train-test-ratio 4 --val-size 0.25 --pretrain-epochs 300  --device cuda --tabpfn-device cuda --feature-normalization none 
[INFO] Step 3 completed successfully. 
---------- STEP 3 OUTPUT BEGIN ---------- 
Linear pretrain split: train=11829, val=3944, test=3944
Split setting: source=random, requested_train_test_ratio=4.0000
Backbone setting: base_model=gat, hidden_dim=128, embedding_dim=128, num_layers=2, dropout=0.5, gat_heads=8, linkx_edge_layers=1, linkx_node_layers=1, fagcn_eps=0.1, gpr_alpha=0.1
[Pretrain] epoch=001 loss=1.0976 train_acc=0.5886 val_acc=0.5941
[Pretrain] epoch=020 loss=0.5196 train_acc=0.8440 val_acc=0.8311
[Pretrain] epoch=040 loss=0.4961 train_acc=0.8735 val_acc=0.8593
[Pretrain] epoch=060 loss=0.5075 train_acc=0.8572 val_acc=0.8456
[Pretrain] epoch=080 loss=0.4890 train_acc=0.8774 val_acc=0.8641
[Pretrain] epoch=100 loss=0.4814 train_acc=0.8778 val_acc=0.8671
[Pretrain] epoch=120 loss=0.4968 train_acc=0.8755 val_acc=0.8626
[Pretrain] epoch=140 loss=0.4821 train_acc=0.8812 val_acc=0.8679
[Pretrain] epoch=160 loss=0.4967 train_acc=0.8702 val_acc=0.8537
[Pretrain] epoch=180 loss=0.4800 train_acc=0.8776 val_acc=0.8656
[Pretrain] epoch=200 loss=0.4790 train_acc=0.8829 val_acc=0.8704
[Pretrain] epoch=220 loss=0.6502 train_acc=0.7469 val_acc=0.7495
[Pretrain] epoch=240 loss=0.5294 train_acc=0.8674 val_acc=0.8575
[Pretrain] epoch=260 loss=0.4846 train_acc=0.8764 val_acc=0.8638
[Pretrain] epoch=280 loss=0.4798 train_acc=0.8820 val_acc=0.8649
[Pretrain] epoch=300 loss=0.4800 train_acc=0.8829 val_acc=0.8692
[Pretrain] selected epoch=168 val_acc=0.8717
[PubMed] embedding built after pretraining (shape=(19717, 128))
  selected-layer embedding (layer=1/2) shape=(19717, 1024) mean=0.0001 std=0.0057 min=-0.0587 max=0.0728
Prediction embedding branch setting: branch=branch2, pre_agg_pca_dim=0, add_graph_engineered_features=True
Appended graph engineered features to prediction embedding: [lap_rw_resp_norm, neighbor_count, degree, l2_diff_1hop(1), cos_sim_1hop(1), hop1_dispersion_trace(1), hop2_dispersion_trace(1), pagerank(1)], new_total_dim=136
[LinearHead] epoch=001 loss=1.1061 train_acc=0.6225 val_acc=0.6176
[LinearHead] epoch=020 loss=0.4589 train_acc=0.8761 val_acc=0.8585
[LinearHead] epoch=040 loss=0.3449 train_acc=0.8822 val_acc=0.8679
[LinearHead] epoch=060 loss=0.3216 train_acc=0.8825 val_acc=0.8699
[LinearHead] epoch=080 loss=0.3140 train_acc=0.8822 val_acc=0.8704
[LinearHead] epoch=100 loss=0.3107 train_acc=0.8817 val_acc=0.8709
[LinearHead] epoch=120 loss=0.3091 train_acc=0.8819 val_acc=0.8722
[LinearHead] epoch=140 loss=0.3082 train_acc=0.8819 val_acc=0.8717
[LinearHead] epoch=160 loss=0.3077 train_acc=0.8821 val_acc=0.8717
[LinearHead] epoch=180 loss=0.3075 train_acc=0.8823 val_acc=0.8715
[LinearHead] epoch=200 loss=0.3073 train_acc=0.8823 val_acc=0.8709
[LinearHead] selected epoch=114 val_acc=0.8722
Linear-head test accuracy: 0.8720
Linear-head classification report:
              precision    recall  f1-score   support

           0     0.8307    0.8368    0.8337       821
           1     0.8793    0.8992    0.8892      1548
           2     0.8866    0.8635    0.8749      1575

    accuracy                         0.8720      3944
   macro avg     0.8655    0.8665    0.8659      3944
weighted avg     0.8721    0.8720    0.8719      3944

---------- STEP 3 OUTPUT END ------------ 
---------- STEP 3 END 2026/04/25 ÖÜĮł 22:03:10.57 ---------- 
 
---------- STEP 4 START 2026/04/25 ÖÜĮł 22:03:10.60 ---------- 
Command: python examples/train_gcn_planetoid.py --dataset PubMed --base-model gat --encoder-fusion none --encoder-pretrain-head linear --prediction-head tabpfn --embedding-branch branch2  --num-layers 2 --dropout 0.5 --split-source random --train-test-ratio 4 --val-size 0.25 --pretrain-epochs 300  --device cuda --tabpfn-device cuda --feature-normalization none 
[INFO] Step 4 completed successfully. 
---------- STEP 4 OUTPUT BEGIN ---------- 
Linear pretrain split: train=11829, val=3944, test=3944
Split setting: source=random, requested_train_test_ratio=4.0000
Backbone setting: base_model=gat, hidden_dim=128, embedding_dim=128, num_layers=2, dropout=0.5, gat_heads=8, linkx_edge_layers=1, linkx_node_layers=1, fagcn_eps=0.1, gpr_alpha=0.1
[Pretrain] epoch=001 loss=1.0976 train_acc=0.5886 val_acc=0.5941
[Pretrain] epoch=020 loss=0.5196 train_acc=0.8440 val_acc=0.8311
[Pretrain] epoch=040 loss=0.4961 train_acc=0.8735 val_acc=0.8593
[Pretrain] epoch=060 loss=0.5075 train_acc=0.8571 val_acc=0.8456
[Pretrain] epoch=080 loss=0.4890 train_acc=0.8775 val_acc=0.8644
[Pretrain] epoch=100 loss=0.4811 train_acc=0.8776 val_acc=0.8671
[Pretrain] epoch=120 loss=0.4977 train_acc=0.8761 val_acc=0.8628
[Pretrain] epoch=140 loss=0.4805 train_acc=0.8819 val_acc=0.8674
[Pretrain] epoch=160 loss=0.4910 train_acc=0.8701 val_acc=0.8550
[Pretrain] epoch=180 loss=0.4868 train_acc=0.8824 val_acc=0.8628
[Pretrain] epoch=200 loss=0.4773 train_acc=0.8828 val_acc=0.8674
[Pretrain] epoch=220 loss=0.4845 train_acc=0.8823 val_acc=0.8666
[Pretrain] epoch=240 loss=0.4761 train_acc=0.8828 val_acc=0.8666
[Pretrain] epoch=260 loss=0.7043 train_acc=0.7296 val_acc=0.7137
[Pretrain] epoch=280 loss=0.5890 train_acc=0.8346 val_acc=0.8263
[Pretrain] epoch=300 loss=0.5208 train_acc=0.8648 val_acc=0.8509
[Pretrain] selected epoch=205 val_acc=0.8722
[PubMed] embedding built after pretraining (shape=(19717, 128))
  selected-layer embedding (layer=1/2) shape=(19717, 1024) mean=0.0000 std=0.0052 min=-0.0574 max=0.0546
Prediction embedding branch setting: branch=branch2, pre_agg_pca_dim=0, add_graph_engineered_features=True
Appended graph engineered features to prediction embedding: [lap_rw_resp_norm, neighbor_count, degree, l2_diff_1hop(1), cos_sim_1hop(1), hop1_dispersion_trace(1), hop2_dispersion_trace(1), pagerank(1)], new_total_dim=136
Applied feature normalization: none.
Split complete: x_train=(15773, 136), x_test=(3944, 136), num_classes=3, actual_train_test_ratio=3.9992
TabPFN test accuracy: 0.8742
TabPFN classification report:
              precision    recall  f1-score   support

           0     0.8407    0.8356    0.8381       821
           1     0.8824    0.9012    0.8917      1548
           2     0.8836    0.8679    0.8757      1575

    accuracy                         0.8742      3944
   macro avg     0.8689    0.8682    0.8685      3944
weighted avg     0.8742    0.8742    0.8741      3944

---------- STEP 4 OUTPUT END ------------ 
---------- STEP 4 END 2026/04/25 ÖÜĮł 23:13:02.11 ---------- 
 
---------- STEP 5 START 2026/04/25 ÖÜĮł 23:13:02.14 ---------- 
Command: python examples/train_gcn_planetoid.py --dataset PubMed --base-model sage --encoder-fusion none --encoder-pretrain-head linear --prediction-head linear --embedding-branch branch2  --num-layers 2 --dropout 0.5 --split-source random --train-test-ratio 4 --val-size 0.25 --pretrain-epochs 300  --device cuda --tabpfn-device cuda --feature-normalization none 
[INFO] Step 5 completed successfully. 
---------- STEP 5 OUTPUT BEGIN ---------- 
Linear pretrain split: train=11829, val=3944, test=3944
Split setting: source=random, requested_train_test_ratio=4.0000
Backbone setting: base_model=sage, hidden_dim=128, embedding_dim=128, num_layers=2, dropout=0.5, gat_heads=8, linkx_edge_layers=1, linkx_node_layers=1, fagcn_eps=0.1, gpr_alpha=0.1
[Pretrain] epoch=001 loss=1.0994 train_acc=0.3994 val_acc=0.3993
[Pretrain] epoch=020 loss=0.3719 train_acc=0.8722 val_acc=0.8514
[Pretrain] epoch=040 loss=0.2710 train_acc=0.9106 val_acc=0.8836
[Pretrain] epoch=060 loss=0.2329 train_acc=0.9321 val_acc=0.8851
[Pretrain] epoch=080 loss=0.1920 train_acc=0.9319 val_acc=0.8922
[Pretrain] epoch=100 loss=0.1690 train_acc=0.9485 val_acc=0.8920
[Pretrain] epoch=120 loss=0.1526 train_acc=0.9565 val_acc=0.8889
[Pretrain] epoch=140 loss=0.1341 train_acc=0.9664 val_acc=0.8943
[Pretrain] epoch=160 loss=0.1274 train_acc=0.9637 val_acc=0.8922
[Pretrain] epoch=180 loss=0.1110 train_acc=0.9782 val_acc=0.8981
[Pretrain] epoch=200 loss=0.1797 train_acc=0.9239 val_acc=0.8803
[Pretrain] epoch=220 loss=0.1287 train_acc=0.9713 val_acc=0.8948
[Pretrain] epoch=240 loss=0.1016 train_acc=0.9812 val_acc=0.8973
[Pretrain] epoch=260 loss=0.0920 train_acc=0.9860 val_acc=0.8996
[Pretrain] epoch=280 loss=0.0870 train_acc=0.9888 val_acc=0.8971
[Pretrain] epoch=300 loss=0.0847 train_acc=0.9877 val_acc=0.8976
[Pretrain] selected epoch=259 val_acc=0.9006
[PubMed] embedding built after pretraining (shape=(19717, 128))
  selected-layer embedding (layer=1/2) shape=(19717, 128) mean=-0.0021 std=0.0325 min=-0.1777 max=0.1981
Prediction embedding branch setting: branch=branch2, pre_agg_pca_dim=0, add_graph_engineered_features=True
Appended graph engineered features to prediction embedding: [lap_rw_resp_norm, neighbor_count, degree, l2_diff_1hop(1), cos_sim_1hop(1), hop1_dispersion_trace(1), hop2_dispersion_trace(1), pagerank(1)], new_total_dim=136
[LinearHead] epoch=001 loss=1.1213 train_acc=0.6091 val_acc=0.5814
[LinearHead] epoch=020 loss=0.3113 train_acc=0.9785 val_acc=0.8945
[LinearHead] epoch=040 loss=0.1712 train_acc=0.9846 val_acc=0.8981
[LinearHead] epoch=060 loss=0.1310 train_acc=0.9844 val_acc=0.8968
[LinearHead] epoch=080 loss=0.1116 train_acc=0.9846 val_acc=0.8971
[LinearHead] epoch=100 loss=0.0994 train_acc=0.9847 val_acc=0.8983
[LinearHead] epoch=120 loss=0.0907 train_acc=0.9848 val_acc=0.8988
[LinearHead] epoch=140 loss=0.0841 train_acc=0.9849 val_acc=0.8986
[LinearHead] epoch=160 loss=0.0789 train_acc=0.9850 val_acc=0.8983
[LinearHead] epoch=180 loss=0.0747 train_acc=0.9853 val_acc=0.8981
[LinearHead] epoch=200 loss=0.0713 train_acc=0.9855 val_acc=0.8986
[LinearHead] selected epoch=114 val_acc=0.8991
Linear-head test accuracy: 0.8968
Linear-head classification report:
              precision    recall  f1-score   support

           0     0.8695    0.8928    0.8810       821
           1     0.9083    0.9083    0.9083      1548
           2     0.9002    0.8876    0.8939      1575

    accuracy                         0.8968      3944
   macro avg     0.8927    0.8962    0.8944      3944
weighted avg     0.8970    0.8968    0.8968      3944

---------- STEP 5 OUTPUT END ------------ 
---------- STEP 5 END 2026/04/25 ÖÜĮł 23:13:25.66 ---------- 
 
---------- STEP 6 START 2026/04/25 ÖÜĮł 23:13:25.69 ---------- 
Command: python examples/train_gcn_planetoid.py --dataset PubMed --base-model sage --encoder-fusion none --encoder-pretrain-head linear --prediction-head tabpfn --embedding-branch branch2  --num-layers 2 --dropout 0.5 --split-source random --train-test-ratio 4 --val-size 0.25 --pretrain-epochs 300  --device cuda --tabpfn-device cuda --feature-normalization none 
[INFO] Step 6 completed successfully. 
---------- STEP 6 OUTPUT BEGIN ---------- 
Linear pretrain split: train=11829, val=3944, test=3944
Split setting: source=random, requested_train_test_ratio=4.0000
Backbone setting: base_model=sage, hidden_dim=128, embedding_dim=128, num_layers=2, dropout=0.5, gat_heads=8, linkx_edge_layers=1, linkx_node_layers=1, fagcn_eps=0.1, gpr_alpha=0.1
[Pretrain] epoch=001 loss=1.0994 train_acc=0.3994 val_acc=0.3993
[Pretrain] epoch=020 loss=0.3719 train_acc=0.8722 val_acc=0.8514
[Pretrain] epoch=040 loss=0.2710 train_acc=0.9106 val_acc=0.8836
[Pretrain] epoch=060 loss=0.2330 train_acc=0.9320 val_acc=0.8851
[Pretrain] epoch=080 loss=0.1919 train_acc=0.9319 val_acc=0.8925
[Pretrain] epoch=100 loss=0.1685 train_acc=0.9480 val_acc=0.8943
[Pretrain] epoch=120 loss=0.1535 train_acc=0.9387 val_acc=0.8742
[Pretrain] epoch=140 loss=0.1380 train_acc=0.9647 val_acc=0.8930
[Pretrain] epoch=160 loss=0.1296 train_acc=0.9597 val_acc=0.8910
[Pretrain] epoch=180 loss=0.1122 train_acc=0.9757 val_acc=0.8988
[Pretrain] epoch=200 loss=0.1153 train_acc=0.9667 val_acc=0.8920
[Pretrain] epoch=220 loss=0.1048 train_acc=0.9767 val_acc=0.8971
[Pretrain] epoch=240 loss=0.0903 train_acc=0.9850 val_acc=0.8966
[Pretrain] epoch=260 loss=0.1113 train_acc=0.9385 val_acc=0.8621
[Pretrain] epoch=280 loss=0.0929 train_acc=0.9828 val_acc=0.8912
[Pretrain] epoch=300 loss=0.0819 train_acc=0.9890 val_acc=0.8953
[Pretrain] selected epoch=179 val_acc=0.8993
[PubMed] embedding built after pretraining (shape=(19717, 128))
  selected-layer embedding (layer=1/2) shape=(19717, 128) mean=0.0017 std=0.0254 min=-0.1740 max=0.1447
Prediction embedding branch setting: branch=branch2, pre_agg_pca_dim=0, add_graph_engineered_features=True
Appended graph engineered features to prediction embedding: [lap_rw_resp_norm, neighbor_count, degree, l2_diff_1hop(1), cos_sim_1hop(1), hop1_dispersion_trace(1), hop2_dispersion_trace(1), pagerank(1)], new_total_dim=136
Applied feature normalization: none.
Split complete: x_train=(15773, 136), x_test=(3944, 136), num_classes=3, actual_train_test_ratio=3.9992
TabPFN test accuracy: 0.8963
TabPFN classification report:
              precision    recall  f1-score   support

           0     0.8736    0.8843    0.8789       821
           1     0.9079    0.9102    0.9090      1548
           2     0.8969    0.8889    0.8929      1575

    accuracy                         0.8963      3944
   macro avg     0.8928    0.8945    0.8936      3944
weighted avg     0.8963    0.8963    0.8963      3944

---------- STEP 6 OUTPUT END ------------ 
---------- STEP 6 END 2026/04/26 ÖÜČÕ  0:20:43.00 ---------- 
[INFO] All commands finished successfully. 
Run finished at 2026/04/26 ÖÜČÕ  0:20:43.03 
=============================================== 
