Linear pretrain split: train=8250, val=2751, test=2751
Split setting: source=random, requested_train_test_ratio=4.0000
Backbone setting: base_model=gcn, hidden_dim=128, embedding_dim=128, num_layers=2, dropout=0.5, gat_heads=8, linkx_edge_layers=1, linkx_node_layers=1, fagcn_eps=0.1, gpr_alpha=0.1
[Pretrain] epoch=001 loss=2.3045 train_acc=0.1629 val_acc=0.1679
[Pretrain] epoch=020 loss=1.8732 train_acc=0.3750 val_acc=0.3751
[Pretrain] epoch=040 loss=1.7786 train_acc=0.3750 val_acc=0.3751
[Pretrain] epoch=060 loss=1.4245 train_acc=0.5019 val_acc=0.5060
[Pretrain] epoch=080 loss=1.3135 train_acc=0.5362 val_acc=0.5300
[Pretrain] epoch=100 loss=1.2534 train_acc=0.6125 val_acc=0.6049
[Pretrain] epoch=120 loss=1.1357 train_acc=0.6410 val_acc=0.6340
[Pretrain] epoch=140 loss=0.9621 train_acc=0.6835 val_acc=0.6834
[Pretrain] epoch=160 loss=0.7871 train_acc=0.7297 val_acc=0.7252
[Pretrain] epoch=180 loss=0.6961 train_acc=0.7554 val_acc=0.7452
[Pretrain] epoch=200 loss=0.6232 train_acc=0.8038 val_acc=0.7935
[Pretrain] epoch=220 loss=0.6021 train_acc=0.8268 val_acc=0.8172
[Pretrain] epoch=240 loss=0.5524 train_acc=0.8383 val_acc=0.8244
[Pretrain] epoch=260 loss=0.5324 train_acc=0.8441 val_acc=0.8310
[Pretrain] epoch=280 loss=0.5178 train_acc=0.8336 val_acc=0.8161
[Pretrain] epoch=300 loss=0.5126 train_acc=0.8558 val_acc=0.8393
[Pretrain] selected epoch=299 val_acc=0.8433
[Computers] embedding built after pretraining (shape=(13752, 128))
  selected-layer embedding (layer=1/2) shape=(13752, 128) mean=0.0009 std=0.0232 min=-0.1204 max=0.2471
Prediction embedding branch setting: branch=branch2, pre_agg_pca_dim=0, add_graph_engineered_features=True
Appended graph engineered features to prediction embedding: [lap_rw_resp_norm, neighbor_count, degree, l2_diff_1hop(1), cos_sim_1hop(1), hop1_dispersion_trace(1), hop2_dispersion_trace(1), pagerank(1)], new_total_dim=136
Applied feature normalization: none.
Split complete: x_train=(11001, 136), x_test=(2751, 136), num_classes=10, actual_train_test_ratio=3.9989
TabPFN test accuracy: 0.9069
TabPFN classification report:
              precision    recall  f1-score   support

           0     0.9277    0.8851    0.9059        87
           1     0.9287    0.9114    0.9200       429
           2     0.9264    0.9788    0.9519       283
           3     0.8981    0.8981    0.8981       108
           4     0.9384    0.9147    0.9264      1032
           5     0.9677    0.9677    0.9677        62
           6     0.8286    0.5979    0.6946        97
           7     0.9172    0.9451    0.9309       164
           8     0.8194    0.8840    0.8504       431
           9     0.8088    0.9483    0.8730        58

    accuracy                         0.9069      2751
   macro avg     0.8961    0.8931    0.8919      2751
weighted avg     0.9079    0.9069    0.9063      2751

