Linear pretrain split: train=1365, val=456, test=456
Split setting: source=random, requested_train_test_ratio=4.0000
Backbone setting: base_model=h2gcn, hidden_dim=128, embedding_dim=128, num_layers=2, dropout=0.5, gat_heads=8, linkx_edge_layers=1, linkx_node_layers=1, fagcn_eps=0.1, gpr_alpha=0.1
[Pretrain] epoch=001 loss=1.6110 train_acc=0.2286 val_acc=0.2303
[Pretrain] epoch=020 loss=1.5674 train_acc=0.2872 val_acc=0.2719
[Pretrain] epoch=040 loss=1.4994 train_acc=0.3223 val_acc=0.3114
[Pretrain] epoch=060 loss=1.4749 train_acc=0.3348 val_acc=0.3114
[Pretrain] epoch=080 loss=1.4604 train_acc=0.3516 val_acc=0.3026
[Pretrain] epoch=100 loss=1.4664 train_acc=0.3443 val_acc=0.3114
[Pretrain] epoch=120 loss=1.4466 train_acc=0.3546 val_acc=0.3092
[Pretrain] epoch=140 loss=1.4408 train_acc=0.3722 val_acc=0.3311
[Pretrain] epoch=160 loss=1.4281 train_acc=0.3722 val_acc=0.3158
[Pretrain] epoch=180 loss=1.4347 train_acc=0.3370 val_acc=0.3092
[Pretrain] epoch=200 loss=1.4211 train_acc=0.3700 val_acc=0.3136
[Pretrain] epoch=220 loss=1.3923 train_acc=0.3773 val_acc=0.3333
[Pretrain] epoch=240 loss=1.4074 train_acc=0.3751 val_acc=0.3333
[Pretrain] epoch=260 loss=1.3976 train_acc=0.3744 val_acc=0.3224
[Pretrain] epoch=280 loss=1.4017 train_acc=0.3868 val_acc=0.3289
[Pretrain] epoch=300 loss=1.3922 train_acc=0.3832 val_acc=0.3158
[Pretrain] selected epoch=268 val_acc=0.3399
[chameleon] embedding built after pretraining (shape=(2277, 128))
  selected-layer embedding (layer=1/2) shape=(2277, 128) mean=0.0049 std=0.0350 min=-0.3707 max=0.4079
Prediction embedding branch setting: branch=branch1, pre_agg_pca_dim=64, add_graph_engineered_features=False
[chameleon] prediction uses concatenated embedding: gnn_dim=128 + pre_agg_dim=64 -> total_dim=192
Graph engineered features disabled. total_dim=192
Applied feature normalization: none.
Split complete: x_train=(1821, 192), x_test=(456, 192), num_classes=5, actual_train_test_ratio=3.9934
TabPFN test accuracy: 0.4539
TabPFN classification report:
              precision    recall  f1-score   support

           0     0.6452    0.4396    0.5229        91
           1     0.6087    0.3043    0.4058        92
           2     0.4507    0.3516    0.3951        91
           3     0.4808    0.4808    0.4808       104
           4     0.3295    0.7308    0.4542        78

    accuracy                         0.4539       456
   macro avg     0.5030    0.4614    0.4517       456
weighted avg     0.5075    0.4539    0.4524       456

