Linear pretrain split: train=3120, val=1040, test=1041
Split setting: source=random, requested_train_test_ratio=4.0000
Backbone setting: base_model=fagcn, hidden_dim=128, embedding_dim=128, num_layers=2, dropout=0.5, gat_heads=8, linkx_edge_layers=1, linkx_node_layers=1, fagcn_eps=0.1, gpr_alpha=0.1
[Pretrain] epoch=001 loss=1.6112 train_acc=0.2000 val_acc=0.2000
[Pretrain] epoch=020 loss=1.6094 train_acc=0.1997 val_acc=0.2000
[Pretrain] epoch=040 loss=1.6094 train_acc=0.2003 val_acc=0.2000
[Pretrain] epoch=060 loss=1.6094 train_acc=0.2003 val_acc=0.2000
[Pretrain] epoch=080 loss=1.6094 train_acc=0.2003 val_acc=0.2000
[Pretrain] epoch=100 loss=1.6094 train_acc=0.2003 val_acc=0.2000
[Pretrain] epoch=120 loss=1.6094 train_acc=0.2003 val_acc=0.2000
[Pretrain] epoch=140 loss=1.6094 train_acc=0.2003 val_acc=0.2000
[Pretrain] epoch=160 loss=1.6094 train_acc=0.2003 val_acc=0.2000
[Pretrain] epoch=180 loss=1.6094 train_acc=0.2003 val_acc=0.2000
[Pretrain] epoch=200 loss=1.6094 train_acc=0.2003 val_acc=0.2000
[Pretrain] epoch=220 loss=1.6094 train_acc=0.2003 val_acc=0.2000
[Pretrain] epoch=240 loss=1.6094 train_acc=0.2003 val_acc=0.2000
[Pretrain] epoch=260 loss=1.6094 train_acc=0.2003 val_acc=0.2000
[Pretrain] epoch=280 loss=1.6094 train_acc=0.2003 val_acc=0.2000
[Pretrain] epoch=300 loss=1.6094 train_acc=0.2003 val_acc=0.2000
[Pretrain] selected epoch=001 val_acc=0.2000
[squirrel] embedding built after pretraining (shape=(5201, 128))
  selected-layer embedding (layer=1/2) shape=(5201, 128) mean=-0.0012 std=0.0506 min=-0.0955 max=0.0947
Prediction embedding branch setting: branch=branch2, pre_agg_pca_dim=64, add_graph_engineered_features=True
[squirrel] prediction uses concatenated embedding: gnn_dim=128 + pre_agg_dim=64 -> total_dim=200
Appended graph engineered features to prediction embedding: [lap_rw_resp_norm, neighbor_count, degree, l2_diff_1hop(1), cos_sim_1hop(1), hop1_dispersion_trace(1), hop2_dispersion_trace(1), pagerank(1)], new_total_dim=200
[LinearHead] epoch=001 loss=6.2392 train_acc=0.2103 val_acc=0.2019
[LinearHead] epoch=020 loss=1.7643 train_acc=0.2955 val_acc=0.2490
[LinearHead] epoch=040 loss=1.4906 train_acc=0.3474 val_acc=0.3048
[LinearHead] epoch=060 loss=1.4452 train_acc=0.3606 val_acc=0.3144
[LinearHead] epoch=080 loss=1.4293 train_acc=0.3628 val_acc=0.3260
[LinearHead] epoch=100 loss=1.4214 train_acc=0.3660 val_acc=0.3240
[LinearHead] epoch=120 loss=1.4150 train_acc=0.3673 val_acc=0.3269
[LinearHead] epoch=140 loss=1.4092 train_acc=0.3715 val_acc=0.3298
[LinearHead] epoch=160 loss=1.4041 train_acc=0.3747 val_acc=0.3317
[LinearHead] epoch=180 loss=1.3996 train_acc=0.3760 val_acc=0.3356
[LinearHead] epoch=200 loss=1.3956 train_acc=0.3779 val_acc=0.3404
[LinearHead] selected epoch=192 val_acc=0.3404
Linear-head test accuracy: 0.3276
Linear-head classification report:
              precision    recall  f1-score   support

           0     0.3556    0.4067    0.3795       209
           1     0.2621    0.1827    0.2153       208
           2     0.2453    0.2500    0.2476       208
           3     0.3165    0.2404    0.2732       208
           4     0.4042    0.5577    0.4687       208

    accuracy                         0.3276      1041
   macro avg     0.3167    0.3275    0.3169      1041
weighted avg     0.3168    0.3276    0.3169      1041

