Linear pretrain split: train=8250, val=2751, test=2751
Split setting: source=random, requested_train_test_ratio=4.0000
Backbone setting: base_model=sage, hidden_dim=128, embedding_dim=128, num_layers=2, dropout=0.5, gat_heads=8, linkx_edge_layers=1, linkx_node_layers=1, fagcn_eps=0.1, gpr_alpha=0.1
[Pretrain] epoch=001 loss=2.3196 train_acc=0.1568 val_acc=0.1567
[Pretrain] epoch=020 loss=1.7508 train_acc=0.3750 val_acc=0.3751
[Pretrain] epoch=040 loss=1.3613 train_acc=0.5285 val_acc=0.5264
[Pretrain] epoch=060 loss=1.0470 train_acc=0.6731 val_acc=0.6754
[Pretrain] epoch=080 loss=0.7547 train_acc=0.7405 val_acc=0.7303
[Pretrain] epoch=100 loss=0.6122 train_acc=0.8119 val_acc=0.7964
[Pretrain] epoch=120 loss=0.5332 train_acc=0.8304 val_acc=0.8164
[Pretrain] epoch=140 loss=0.4708 train_acc=0.8610 val_acc=0.8346
[Pretrain] epoch=160 loss=0.4432 train_acc=0.8783 val_acc=0.8466
[Pretrain] epoch=180 loss=0.4054 train_acc=0.8907 val_acc=0.8651
[Pretrain] epoch=200 loss=0.3975 train_acc=0.8950 val_acc=0.8662
[Pretrain] epoch=220 loss=0.3845 train_acc=0.9015 val_acc=0.8684
[Pretrain] epoch=240 loss=0.3698 train_acc=0.8945 val_acc=0.8608
[Pretrain] epoch=260 loss=0.3618 train_acc=0.9096 val_acc=0.8735
[Pretrain] epoch=280 loss=0.3414 train_acc=0.9002 val_acc=0.8702
[Pretrain] epoch=300 loss=0.3397 train_acc=0.9032 val_acc=0.8739
[Pretrain] selected epoch=288 val_acc=0.8840
[Computers] embedding built after pretraining (shape=(13752, 128))
  selected-layer embedding (layer=1/2) shape=(13752, 128) mean=-0.0047 std=0.0251 min=-0.1249 max=0.1389
Prediction embedding branch setting: branch=branch2, pre_agg_pca_dim=0, add_graph_engineered_features=True
Appended graph engineered features to prediction embedding: [lap_rw_resp_norm, neighbor_count, degree, l2_diff_1hop(1), cos_sim_1hop(1), hop1_dispersion_trace(1), hop2_dispersion_trace(1), pagerank(1)], new_total_dim=136
[LinearHead] epoch=001 loss=7.7427 train_acc=0.0682 val_acc=0.0752
[LinearHead] epoch=020 loss=1.2739 train_acc=0.7152 val_acc=0.7059
[LinearHead] epoch=040 loss=0.7424 train_acc=0.8518 val_acc=0.8204
[LinearHead] epoch=060 loss=0.5117 train_acc=0.8880 val_acc=0.8550
[LinearHead] epoch=080 loss=0.4310 train_acc=0.8961 val_acc=0.8684
[LinearHead] epoch=100 loss=0.3839 train_acc=0.9016 val_acc=0.8706
[LinearHead] epoch=120 loss=0.3529 train_acc=0.9061 val_acc=0.8750
[LinearHead] epoch=140 loss=0.3310 train_acc=0.9105 val_acc=0.8786
[LinearHead] epoch=160 loss=0.3146 train_acc=0.9141 val_acc=0.8822
[LinearHead] epoch=180 loss=0.3020 train_acc=0.9164 val_acc=0.8844
[LinearHead] epoch=200 loss=0.2921 train_acc=0.9181 val_acc=0.8859
[LinearHead] selected epoch=194 val_acc=0.8859
Linear-head test accuracy: 0.8931
Linear-head classification report:
              precision    recall  f1-score   support

           0     0.9351    0.8276    0.8780        87
           1     0.9187    0.8951    0.9067       429
           2     0.9286    0.9647    0.9463       283
           3     0.9570    0.8241    0.8856       108
           4     0.9088    0.9273    0.9180      1032
           5     0.9683    0.9839    0.9760        62
           6     0.7907    0.3505    0.4857        97
           7     0.8953    0.9390    0.9167       164
           8     0.7950    0.8817    0.8361       431
           9     0.8833    0.9138    0.8983        58

    accuracy                         0.8931      2751
   macro avg     0.8981    0.8508    0.8647      2751
weighted avg     0.8931    0.8931    0.8893      2751

