Linear pretrain split: train=1365, val=456, test=456
Split setting: source=random, requested_train_test_ratio=4.0000
Backbone setting: base_model=h2gcn, hidden_dim=128, embedding_dim=128, num_layers=2, dropout=0.5, gat_heads=8, linkx_edge_layers=1, linkx_node_layers=1, fagcn_eps=0.1, gpr_alpha=0.1
[Pretrain] epoch=001 loss=1.6110 train_acc=0.2286 val_acc=0.2303
[Pretrain] epoch=020 loss=1.5674 train_acc=0.2872 val_acc=0.2719
[Pretrain] epoch=040 loss=1.4994 train_acc=0.3223 val_acc=0.3114
[Pretrain] epoch=060 loss=1.4750 train_acc=0.3348 val_acc=0.3114
[Pretrain] epoch=080 loss=1.4607 train_acc=0.3524 val_acc=0.3048
[Pretrain] epoch=100 loss=1.4647 train_acc=0.3443 val_acc=0.3114
[Pretrain] epoch=120 loss=1.4518 train_acc=0.3516 val_acc=0.3092
[Pretrain] epoch=140 loss=1.4446 train_acc=0.3626 val_acc=0.3202
[Pretrain] epoch=160 loss=1.4340 train_acc=0.3568 val_acc=0.3180
[Pretrain] epoch=180 loss=1.4099 train_acc=0.3685 val_acc=0.3180
[Pretrain] epoch=200 loss=1.4153 train_acc=0.3744 val_acc=0.3158
[Pretrain] epoch=220 loss=1.4138 train_acc=0.3722 val_acc=0.3114
[Pretrain] epoch=240 loss=1.4081 train_acc=0.3824 val_acc=0.3180
[Pretrain] epoch=260 loss=1.4145 train_acc=0.3641 val_acc=0.3136
[Pretrain] epoch=280 loss=1.4028 train_acc=0.3802 val_acc=0.3114
[Pretrain] epoch=300 loss=1.3949 train_acc=0.3861 val_acc=0.3311
[Pretrain] selected epoch=268 val_acc=0.3443
[chameleon] embedding built after pretraining (shape=(2277, 128))
  selected-layer embedding (layer=1/2) shape=(2277, 128) mean=0.0051 std=0.0363 min=-0.3145 max=0.3467
Prediction embedding branch setting: branch=branch2, pre_agg_pca_dim=64, add_graph_engineered_features=True
[chameleon] prediction uses concatenated embedding: gnn_dim=128 + pre_agg_dim=64 -> total_dim=200
Appended graph engineered features to prediction embedding: [lap_rw_resp_norm, neighbor_count, degree, l2_diff_1hop(1), cos_sim_1hop(1), hop1_dispersion_trace(1), hop2_dispersion_trace(1), pagerank(1)], new_total_dim=200
Applied feature normalization: none.
Split complete: x_train=(1821, 200), x_test=(456, 200), num_classes=5, actual_train_test_ratio=3.9934
TabPFN test accuracy: 0.7807
TabPFN classification report:
              precision    recall  f1-score   support

           0     0.8906    0.6264    0.7355        91
           1     0.8132    0.8043    0.8087        92
           2     0.6729    0.7912    0.7273        91
           3     0.8000    0.7692    0.7843       104
           4     0.7766    0.9359    0.8488        78

    accuracy                         0.7807       456
   macro avg     0.7907    0.7854    0.7809       456
weighted avg     0.7914    0.7807    0.7792       456

