Linear pretrain split: train=4560, val=1520, test=1520
Split setting: source=random, requested_train_test_ratio=4.0000
Backbone setting: base_model=sage, hidden_dim=128, embedding_dim=128, num_layers=1, dropout=0.5, gat_heads=8
[Pretrain] epoch=001 loss=1.6125 train_acc=0.2452 val_acc=0.2388
[Pretrain] epoch=020 loss=1.2613 train_acc=0.4978 val_acc=0.3875
[Pretrain] epoch=040 loss=1.1069 train_acc=0.5853 val_acc=0.3730
[Pretrain] epoch=060 loss=1.0142 train_acc=0.6325 val_acc=0.3638
[Pretrain] epoch=080 loss=0.9519 train_acc=0.6572 val_acc=0.3586
[Pretrain] epoch=100 loss=0.9116 train_acc=0.6721 val_acc=0.3520
[Pretrain] epoch=120 loss=0.8845 train_acc=0.6888 val_acc=0.3539
[Pretrain] epoch=140 loss=0.8674 train_acc=0.6921 val_acc=0.3434
[Pretrain] epoch=160 loss=0.8524 train_acc=0.6987 val_acc=0.3474
[Pretrain] epoch=180 loss=0.8426 train_acc=0.7046 val_acc=0.3461
[Pretrain] epoch=200 loss=0.8364 train_acc=0.7031 val_acc=0.3441
[Pretrain] epoch=220 loss=0.8302 train_acc=0.7086 val_acc=0.3441
[Pretrain] epoch=240 loss=0.8271 train_acc=0.7125 val_acc=0.3408
[Pretrain] epoch=260 loss=0.8241 train_acc=0.7114 val_acc=0.3454
[Pretrain] epoch=280 loss=0.8226 train_acc=0.7103 val_acc=0.3414
[Pretrain] epoch=300 loss=0.8221 train_acc=0.7114 val_acc=0.3329
[Pretrain] selected epoch=019 val_acc=0.3882
[Actor] embedding built after pretraining (shape=(7600, 128))
  selected-layer embedding (layer=1/1) shape=(7600, 128) mean=-0.0030 std=0.0684 min=-0.3051 max=0.3425
[Actor] prediction uses concatenated embedding: gnn_dim=128 + pre_agg_dim=128 -> total_dim=259
Appended graph engineered features to prediction embedding: [lap_rw_resp_norm, neighbor_count, degree], new_total_dim=259
[LinearHead] epoch=001 loss=1.8313 train_acc=0.2303 val_acc=0.2053
[LinearHead] epoch=020 loss=1.2570 train_acc=0.4649 val_acc=0.3664
[LinearHead] epoch=040 loss=1.1827 train_acc=0.5070 val_acc=0.3697
[LinearHead] epoch=060 loss=1.1540 train_acc=0.5215 val_acc=0.3763
[LinearHead] epoch=080 loss=1.1410 train_acc=0.5298 val_acc=0.3730
[LinearHead] epoch=100 loss=1.1341 train_acc=0.5349 val_acc=0.3684
[LinearHead] epoch=120 loss=1.1296 train_acc=0.5401 val_acc=0.3671
[LinearHead] epoch=140 loss=1.1260 train_acc=0.5414 val_acc=0.3645
[LinearHead] epoch=160 loss=1.1230 train_acc=0.5419 val_acc=0.3618
[LinearHead] epoch=180 loss=1.1203 train_acc=0.5421 val_acc=0.3638
[LinearHead] epoch=200 loss=1.1178 train_acc=0.5423 val_acc=0.3632
[LinearHead] selected epoch=034 val_acc=0.3783
Linear-head test accuracy: 0.3776
Linear-head classification report:
              precision    recall  f1-score   support

           0     0.3636    0.2339    0.2847       171
           1     0.3154    0.3071    0.3112       267
           2     0.2846    0.3282    0.3048       326
           3     0.2899    0.2755    0.2825       363
           4     0.5711    0.6234    0.5961       393

    accuracy                         0.3776      1520
   macro avg     0.3649    0.3536    0.3559      1520
weighted avg     0.3742    0.3776    0.3737      1520

