Linear pretrain split: train=4560, val=1520, test=1520
Split setting: source=random, requested_train_test_ratio=4.0000
Backbone setting: base_model=fagcn, hidden_dim=128, embedding_dim=128, num_layers=2, dropout=0.5, gat_heads=8, linkx_edge_layers=1, linkx_node_layers=1, fagcn_eps=0.1, gpr_alpha=0.1
[Pretrain] epoch=001 loss=1.6071 train_acc=0.2388 val_acc=0.2388
[Pretrain] epoch=020 loss=1.5480 train_acc=0.2993 val_acc=0.2974
[Pretrain] epoch=040 loss=1.4871 train_acc=0.3643 val_acc=0.3520
[Pretrain] epoch=060 loss=1.4323 train_acc=0.3737 val_acc=0.3539
[Pretrain] epoch=080 loss=1.4167 train_acc=0.3625 val_acc=0.3382
[Pretrain] epoch=100 loss=1.4045 train_acc=0.3537 val_acc=0.3243
[Pretrain] epoch=120 loss=1.4032 train_acc=0.3568 val_acc=0.3197
[Pretrain] epoch=140 loss=1.4011 train_acc=0.3384 val_acc=0.3178
[Pretrain] epoch=160 loss=1.3905 train_acc=0.3487 val_acc=0.3191
[Pretrain] epoch=180 loss=1.4022 train_acc=0.3276 val_acc=0.3105
[Pretrain] epoch=200 loss=1.3937 train_acc=0.3349 val_acc=0.3125
[Pretrain] epoch=220 loss=1.3920 train_acc=0.3336 val_acc=0.3053
[Pretrain] epoch=240 loss=1.3852 train_acc=0.3300 val_acc=0.3125
[Pretrain] epoch=260 loss=1.3944 train_acc=0.3303 val_acc=0.3164
[Pretrain] epoch=280 loss=1.3972 train_acc=0.3325 val_acc=0.3151
[Pretrain] epoch=300 loss=1.3882 train_acc=0.3366 val_acc=0.3164
[Pretrain] selected epoch=035 val_acc=0.3697
[Actor] embedding built after pretraining (shape=(7600, 128))
  selected-layer embedding (layer=1/2) shape=(7600, 128) mean=-0.0035 std=0.0602 min=-0.1426 max=0.1408
Prediction embedding branch setting: branch=branch2, pre_agg_pca_dim=64, add_graph_engineered_features=True
[Actor] prediction uses concatenated embedding: gnn_dim=128 + pre_agg_dim=64 -> total_dim=200
Appended graph engineered features to prediction embedding: [lap_rw_resp_norm, neighbor_count, degree, l2_diff_1hop(1), cos_sim_1hop(1), hop1_dispersion_trace(1), hop2_dispersion_trace(1), pagerank(1)], new_total_dim=200
Applied feature normalization: none.
Split complete: x_train=(6080, 200), x_test=(1520, 200), num_classes=5, actual_train_test_ratio=4.0000
TabPFN test accuracy: 0.3882
TabPFN classification report:
              precision    recall  f1-score   support

           0     0.4420    0.3567    0.3948       171
           1     0.3008    0.2884    0.2945       267
           2     0.2791    0.2209    0.2466       326
           3     0.2865    0.2975    0.2919       363
           4     0.5540    0.6921    0.6154       393

    accuracy                         0.3882      1520
   macro avg     0.3725    0.3711    0.3686      1520
weighted avg     0.3741    0.3882    0.3778      1520

