Linear pretrain split: train=11829, val=3944, test=3944
Split setting: source=random, requested_train_test_ratio=4.0000
Backbone setting: base_model=gcn, hidden_dim=128, embedding_dim=128, num_layers=2, dropout=0.5, gat_heads=8
[Pretrain] epoch=001 loss=1.1115 train_acc=0.5437 val_acc=0.5525
[Pretrain] epoch=020 loss=0.4387 train_acc=0.8472 val_acc=0.8365
[Pretrain] epoch=040 loss=0.3516 train_acc=0.8838 val_acc=0.8725
[Pretrain] epoch=060 loss=0.3197 train_acc=0.8887 val_acc=0.8765
[Pretrain] epoch=080 loss=0.3009 train_acc=0.8968 val_acc=0.8869
[Pretrain] epoch=100 loss=0.2913 train_acc=0.9003 val_acc=0.8887
[Pretrain] epoch=120 loss=0.2901 train_acc=0.9015 val_acc=0.8887
[Pretrain] epoch=140 loss=0.2792 train_acc=0.9043 val_acc=0.8895
[Pretrain] epoch=160 loss=0.2769 train_acc=0.8999 val_acc=0.8775
[Pretrain] epoch=180 loss=0.2763 train_acc=0.9053 val_acc=0.8859
[Pretrain] epoch=200 loss=0.2686 train_acc=0.9084 val_acc=0.8887
[Pretrain] epoch=220 loss=0.2686 train_acc=0.9095 val_acc=0.8882
[Pretrain] epoch=240 loss=0.2861 train_acc=0.9051 val_acc=0.8818
[Pretrain] epoch=260 loss=0.2644 train_acc=0.9084 val_acc=0.8935
[Pretrain] epoch=280 loss=0.2607 train_acc=0.9114 val_acc=0.8912
[Pretrain] epoch=300 loss=0.2606 train_acc=0.9086 val_acc=0.8935
[Pretrain] selected epoch=244 val_acc=0.8950
[PubMed] embedding built after pretraining (shape=(19717, 128))
  selected-layer embedding (layer=1/2) shape=(19717, 128) mean=0.0029 std=0.0169 min=-0.1951 max=0.1619
Appended graph engineered features to prediction embedding: [lap_rw_resp_norm, neighbor_count, degree], new_total_dim=131
Traceback (most recent call last):
  File "d:\university\GCN-TabPFN\code\examples\train_gcn_planetoid.py", line 847, in <module>
    main()
  File "d:\university\GCN-TabPFN\code\examples\train_gcn_planetoid.py", line 827, in main
    result = run_linear_head_on_embeddings(
             ^^^^^^^^^^^^^^^^^^^^^^^^^^^^^^
  File "D:\anaconda\evns\gcn_tabpfn_py11\Lib\site-packages\torch\utils\_contextlib.py", line 116, in decorate_context
    return func(*args, **kwargs)
           ^^^^^^^^^^^^^^^^^^^^^
  File "d:\university\GCN-TabPFN\code\src\dl_research_kit\inference\linear_head.py", line 48, in run_linear_head_on_embeddings
    logits = head(emb)
             ^^^^^^^^^
  File "D:\anaconda\evns\gcn_tabpfn_py11\Lib\site-packages\torch\nn\modules\module.py", line 1736, in _wrapped_call_impl
    return self._call_impl(*args, **kwargs)
           ^^^^^^^^^^^^^^^^^^^^^^^^^^^^^^^^
  File "D:\anaconda\evns\gcn_tabpfn_py11\Lib\site-packages\torch\nn\modules\module.py", line 1747, in _call_impl
    return forward_call(*args, **kwargs)
           ^^^^^^^^^^^^^^^^^^^^^^^^^^^^^
  File "D:\anaconda\evns\gcn_tabpfn_py11\Lib\site-packages\torch\nn\modules\linear.py", line 125, in forward
    return F.linear(input, self.weight, self.bias)
           ^^^^^^^^^^^^^^^^^^^^^^^^^^^^^^^^^^^^^^^
RuntimeError: mat1 and mat2 shapes cannot be multiplied (19717x131 and 128x3)
