Linear pretrain split: train=4560, val=1520, test=1520
Split setting: source=random, requested_train_test_ratio=4.0000
Backbone setting: base_model=sage, hidden_dim=128, embedding_dim=128, num_layers=1, dropout=0.5, gat_heads=8
[Pretrain] epoch=001 loss=1.6125 train_acc=0.2452 val_acc=0.2388
[Pretrain] epoch=020 loss=1.2613 train_acc=0.4978 val_acc=0.3875
[Pretrain] epoch=040 loss=1.1069 train_acc=0.5853 val_acc=0.3730
[Pretrain] epoch=060 loss=1.0142 train_acc=0.6325 val_acc=0.3638
[Pretrain] epoch=080 loss=0.9519 train_acc=0.6572 val_acc=0.3586
[Pretrain] epoch=100 loss=0.9116 train_acc=0.6721 val_acc=0.3520
[Pretrain] epoch=120 loss=0.8845 train_acc=0.6888 val_acc=0.3539
[Pretrain] epoch=140 loss=0.8674 train_acc=0.6923 val_acc=0.3434
[Pretrain] epoch=160 loss=0.8526 train_acc=0.6982 val_acc=0.3474
[Pretrain] epoch=180 loss=0.8427 train_acc=0.7039 val_acc=0.3467
[Pretrain] epoch=200 loss=0.8353 train_acc=0.7059 val_acc=0.3461
[Pretrain] epoch=220 loss=0.8300 train_acc=0.7090 val_acc=0.3441
[Pretrain] epoch=240 loss=0.8288 train_acc=0.7107 val_acc=0.3342
[Pretrain] epoch=260 loss=0.8248 train_acc=0.7132 val_acc=0.3395
[Pretrain] epoch=280 loss=0.8220 train_acc=0.7123 val_acc=0.3461
[Pretrain] epoch=300 loss=0.8233 train_acc=0.7068 val_acc=0.3309
[Pretrain] selected epoch=019 val_acc=0.3882
[Actor] embedding built after pretraining (shape=(7600, 128))
  selected-layer embedding (layer=1/1) shape=(7600, 128) mean=-0.0030 std=0.0684 min=-0.3051 max=0.3425
[Actor] prediction uses concatenated embedding: gnn_dim=128 + pre_agg_dim=128 -> total_dim=259
Appended graph engineered features to prediction embedding: [lap_rw_resp_norm, neighbor_count, degree], new_total_dim=259
Applied feature normalization: none.
Split complete: x_train=(6080, 259), x_test=(1520, 259), num_classes=5, actual_train_test_ratio=4.0000
TabPFN test accuracy: 0.3809
TabPFN classification report:
              precision    recall  f1-score   support

           0     0.4648    0.3860    0.4217       171
           1     0.2973    0.2884    0.2928       267
           2     0.2515    0.2577    0.2545       326
           3     0.3049    0.3058    0.3054       363
           4     0.5724    0.6132    0.5921       393

    accuracy                         0.3809      1520
   macro avg     0.3782    0.3702    0.3733      1520
weighted avg     0.3793    0.3809    0.3795      1520

