Linear pretrain split: train=4590, val=1530, test=1530
Split setting: source=random, requested_train_test_ratio=4.0000
Backbone setting: base_model=sage, hidden_dim=128, embedding_dim=128, num_layers=2, dropout=0.5, gat_heads=8, linkx_edge_layers=1, linkx_node_layers=1, fagcn_eps=0.1, gpr_alpha=0.1
[Pretrain] epoch=001 loss=2.0667 train_acc=0.2551 val_acc=0.2562
[Pretrain] epoch=020 loss=1.4328 train_acc=0.4377 val_acc=0.4294
[Pretrain] epoch=040 loss=0.5839 train_acc=0.8684 val_acc=0.8693
[Pretrain] epoch=060 loss=0.2734 train_acc=0.9312 val_acc=0.9176
[Pretrain] epoch=080 loss=0.2265 train_acc=0.9503 val_acc=0.9320
[Pretrain] epoch=100 loss=0.2033 train_acc=0.9582 val_acc=0.9333
[Pretrain] epoch=120 loss=0.1830 train_acc=0.9671 val_acc=0.9425
[Pretrain] epoch=140 loss=0.1907 train_acc=0.9675 val_acc=0.9386
[Pretrain] epoch=160 loss=0.1592 train_acc=0.9686 val_acc=0.9412
[Pretrain] epoch=180 loss=0.1421 train_acc=0.9741 val_acc=0.9471
[Pretrain] epoch=200 loss=0.1403 train_acc=0.9758 val_acc=0.9471
[Pretrain] epoch=220 loss=0.1335 train_acc=0.9791 val_acc=0.9484
[Pretrain] epoch=240 loss=0.1314 train_acc=0.9765 val_acc=0.9490
[Pretrain] epoch=260 loss=0.1289 train_acc=0.9776 val_acc=0.9464
[Pretrain] epoch=280 loss=0.1312 train_acc=0.9817 val_acc=0.9516
[Pretrain] epoch=300 loss=0.1595 train_acc=0.9678 val_acc=0.9320
[Pretrain] selected epoch=286 val_acc=0.9529
[Photo] embedding built after pretraining (shape=(7650, 128))
  selected-layer embedding (layer=1/2) shape=(7650, 128) mean=0.0026 std=0.0201 min=-0.1132 max=0.1107
Prediction embedding branch setting: branch=branch2, pre_agg_pca_dim=0, add_graph_engineered_features=True
Appended graph engineered features to prediction embedding: [lap_rw_resp_norm, neighbor_count, degree, l2_diff_1hop(1), cos_sim_1hop(1), hop1_dispersion_trace(1), hop2_dispersion_trace(1), pagerank(1)], new_total_dim=136
Applied feature normalization: none.
Split complete: x_train=(6120, 136), x_test=(1530, 136), num_classes=8, actual_train_test_ratio=4.0000
TabPFN test accuracy: 0.9484
TabPFN classification report:
              precision    recall  f1-score   support

           0     0.9718    0.9324    0.9517        74
           1     0.9589    0.9703    0.9646       337
           2     0.9489    0.9220    0.9353       141
           3     0.9448    0.9344    0.9396       183
           4     0.9605    0.9659    0.9632       176
           5     0.9760    0.9879    0.9819       165
           6     0.9365    0.9510    0.9437       388
           7     0.8387    0.7879    0.8125        66

    accuracy                         0.9484      1530
   macro avg     0.9420    0.9315    0.9366      1530
weighted avg     0.9481    0.9484    0.9481      1530

