Linear pretrain split: train=1365, val=456, test=456
Split setting: source=random, requested_train_test_ratio=4.0000
Backbone setting: base_model=gprgnn, hidden_dim=128, embedding_dim=128, num_layers=2, dropout=0.5, gat_heads=8, linkx_edge_layers=1, linkx_node_layers=1, fagcn_eps=0.1, gpr_alpha=0.1
[Pretrain] epoch=001 loss=1.6112 train_acc=0.2007 val_acc=0.1974
[Pretrain] epoch=020 loss=1.2430 train_acc=0.5941 val_acc=0.3553
[Pretrain] epoch=040 loss=0.9041 train_acc=0.7934 val_acc=0.3465
[Pretrain] epoch=060 loss=0.7330 train_acc=0.8513 val_acc=0.3289
[Pretrain] epoch=080 loss=0.6144 train_acc=0.9077 val_acc=0.3618
[Pretrain] epoch=100 loss=0.4939 train_acc=0.9348 val_acc=0.4189
[Pretrain] epoch=120 loss=0.4924 train_acc=0.9443 val_acc=0.4561
[Pretrain] epoch=140 loss=0.4750 train_acc=0.9436 val_acc=0.4561
[Pretrain] epoch=160 loss=0.4391 train_acc=0.9414 val_acc=0.4474
[Pretrain] epoch=180 loss=0.4566 train_acc=0.9473 val_acc=0.4627
[Pretrain] epoch=200 loss=0.4442 train_acc=0.9414 val_acc=0.4561
[Pretrain] epoch=220 loss=0.4414 train_acc=0.9443 val_acc=0.4825
[Pretrain] epoch=240 loss=0.4643 train_acc=0.9421 val_acc=0.4868
[Pretrain] epoch=260 loss=0.4496 train_acc=0.9421 val_acc=0.4583
[Pretrain] epoch=280 loss=0.4180 train_acc=0.9436 val_acc=0.4583
[Pretrain] epoch=300 loss=0.4222 train_acc=0.9385 val_acc=0.4649
[Pretrain] selected epoch=215 val_acc=0.4934
[chameleon] embedding built after pretraining (shape=(2277, 128))
  selected-layer embedding (layer=1/2) shape=(2277, 128) mean=-0.0005 std=0.1093 min=-1.7628 max=2.0075
Prediction embedding branch setting: branch=branch2, pre_agg_pca_dim=64, add_graph_engineered_features=True
[chameleon] prediction uses concatenated embedding: gnn_dim=128 + pre_agg_dim=64 -> total_dim=200
Appended graph engineered features to prediction embedding: [lap_rw_resp_norm, neighbor_count, degree, l2_diff_1hop(1), cos_sim_1hop(1), hop1_dispersion_trace(1), hop2_dispersion_trace(1), pagerank(1)], new_total_dim=200
[LinearHead] epoch=001 loss=2.1287 train_acc=0.3451 val_acc=0.3114
[LinearHead] epoch=020 loss=0.4391 train_acc=0.9201 val_acc=0.4956
[LinearHead] epoch=040 loss=0.2286 train_acc=0.9626 val_acc=0.4868
[LinearHead] epoch=060 loss=0.1761 train_acc=0.9648 val_acc=0.4868
[LinearHead] epoch=080 loss=0.1545 train_acc=0.9678 val_acc=0.4956
[LinearHead] epoch=100 loss=0.1421 train_acc=0.9685 val_acc=0.4956
[LinearHead] epoch=120 loss=0.1338 train_acc=0.9700 val_acc=0.4978
[LinearHead] epoch=140 loss=0.1277 train_acc=0.9714 val_acc=0.5022
[LinearHead] epoch=160 loss=0.1230 train_acc=0.9722 val_acc=0.5022
[LinearHead] epoch=180 loss=0.1194 train_acc=0.9722 val_acc=0.5022
[LinearHead] epoch=200 loss=0.1164 train_acc=0.9722 val_acc=0.4978
[LinearHead] selected epoch=026 val_acc=0.5044
Linear-head test accuracy: 0.4539
Linear-head classification report:
              precision    recall  f1-score   support

           0     0.5714    0.5275    0.5486        91
           1     0.5556    0.4348    0.4878        92
           2     0.4833    0.3187    0.3841        91
           3     0.4220    0.4423    0.4319       104
           4     0.3359    0.5641    0.4211        78

    accuracy                         0.4539       456
   macro avg     0.4736    0.4575    0.4547       456
weighted avg     0.4763    0.4539    0.4551       456

