Linear pretrain split: train=3120, val=1040, test=1041
Split setting: source=random, requested_train_test_ratio=4.0000
Backbone setting: base_model=gprgnn, hidden_dim=128, embedding_dim=128, num_layers=2, dropout=0.5, gat_heads=8, linkx_edge_layers=1, linkx_node_layers=1, fagcn_eps=0.1, gpr_alpha=0.1
[Pretrain] epoch=001 loss=1.6186 train_acc=0.2205 val_acc=0.2096
[Pretrain] epoch=020 loss=1.5917 train_acc=0.2644 val_acc=0.2346
[Pretrain] epoch=040 loss=1.4961 train_acc=0.3308 val_acc=0.2221
[Pretrain] epoch=060 loss=1.4941 train_acc=0.4346 val_acc=0.2529
[Pretrain] epoch=080 loss=1.3210 train_acc=0.4817 val_acc=0.2692
[Pretrain] epoch=100 loss=1.2378 train_acc=0.5006 val_acc=0.2750
[Pretrain] epoch=120 loss=1.1805 train_acc=0.5362 val_acc=0.2712
[Pretrain] epoch=140 loss=1.1507 train_acc=0.5772 val_acc=0.2904
[Pretrain] epoch=160 loss=1.1068 train_acc=0.5962 val_acc=0.2875
[Pretrain] epoch=180 loss=1.0652 train_acc=0.6269 val_acc=0.2894
[Pretrain] epoch=200 loss=1.0594 train_acc=0.6606 val_acc=0.2913
[Pretrain] epoch=220 loss=1.0050 train_acc=0.7628 val_acc=0.2990
[Pretrain] epoch=240 loss=0.9796 train_acc=0.8029 val_acc=0.3029
[Pretrain] epoch=260 loss=0.9525 train_acc=0.8179 val_acc=0.3106
[Pretrain] epoch=280 loss=0.9564 train_acc=0.8500 val_acc=0.3106
[Pretrain] epoch=300 loss=0.9459 train_acc=0.8715 val_acc=0.3308
[Pretrain] selected epoch=300 val_acc=0.3308
[squirrel] embedding built after pretraining (shape=(5201, 128))
  selected-layer embedding (layer=1/2) shape=(5201, 128) mean=0.0020 std=0.0734 min=-1.6854 max=1.6981
Prediction embedding branch setting: branch=branch1, pre_agg_pca_dim=64, add_graph_engineered_features=False
[squirrel] prediction uses concatenated embedding: gnn_dim=128 + pre_agg_dim=64 -> total_dim=192
Graph engineered features disabled. total_dim=192
Applied feature normalization: none.
Split complete: x_train=(4160, 192), x_test=(1041, 192), num_classes=5, actual_train_test_ratio=3.9962
TabPFN test accuracy: 0.3362
TabPFN classification report:
              precision    recall  f1-score   support

           0     0.4076    0.4115    0.4095       209
           1     0.2485    0.2019    0.2228       208
           2     0.2593    0.2019    0.2270       208
           3     0.2975    0.3462    0.3200       208
           4     0.4202    0.5192    0.4645       208

    accuracy                         0.3362      1041
   macro avg     0.3266    0.3361    0.3288      1041
weighted avg     0.3267    0.3362    0.3289      1041

