usage: train_gcn_planetoid.py [-h]
                              [--dataset {Cora,CiteSeer,PubMed,Computers,Photo,chameleon,squirrel,Actor}]
                              [--root ROOT] [--base-model {gcn,gat,sage}]
                              [--encoder-fusion {none,sum,weighted}]
                              [--hidden-dim HIDDEN_DIM]
                              [--embedding-dim EMBEDDING_DIM]
                              [--num-layers NUM_LAYERS] [--dropout DROPOUT]
                              [--gat-heads GAT_HEADS]
                              [--inspect-layer INSPECT_LAYER] [--seed SEED]
                              [--split-source {mask,random}]
                              [--test-size TEST_SIZE] [--val-size VAL_SIZE]
                              [--train-test-ratio TRAIN_TEST_RATIO]
                              [--pretrain-epochs PRETRAIN_EPOCHS]
                              [--pretrain-lr PRETRAIN_LR]
                              [--pretrain-weight-decay PRETRAIN_WEIGHT_DECAY]
                              [--pretrain-log-every PRETRAIN_LOG_EVERY]
                              [--encoder-pretrain-head {linear,tabpfn-frozen-forward}]
                              [--tabpfn-frozen-adapter TABPFN_FROZEN_ADAPTER]
                              [--tabpfn-frozen-model-path TABPFN_FROZEN_MODEL_PATH]
                              [--tabpfn-frozen-config-path TABPFN_FROZEN_CONFIG_PATH]
                              [--fusion-epochs FUSION_EPOCHS]
                              [--fusion-lr FUSION_LR]
                              [--fusion-weight-decay FUSION_WEIGHT_DECAY]
                              [--fusion-log-every FUSION_LOG_EVERY]
                              [--weighted-fusion-train-strategy {two-stage,joint}]
                              [--prediction-head {tabpfn,linear,limix,tabpfn-ensemble-selection,tabpfn-ensemble-average}]
                              [--device {cpu,cuda}]
                              [--tabpfn-device {cpu,cuda}] [--tabpfn-bagging]
                              [--tabpfn-bagging-m TABPFN_BAGGING_M]
                              [--tabpfn-bagging-context-size TABPFN_BAGGING_CONTEXT_SIZE]
                              [--tabpfn-frozen-subset-size TABPFN_FROZEN_SUBSET_SIZE]
                              [--tabpfn-frozen-context-ratio TABPFN_FROZEN_CONTEXT_RATIO]
                              [--tabpfn-bagging-aggregation {average,vote}]
                              [--tabpfn-bagging-n-jobs TABPFN_BAGGING_N_JOBS]
                              [--tabpfn-bagging-feature-drop-rate TABPFN_BAGGING_FEATURE_DROP_RATE]
                              [--tabpfn-ens-sources {current,all-backbones}]
                              [--tabpfn-ens-val-size TABPFN_ENS_VAL_SIZE]
                              [--tabpfn-ens-candidates-per-table TABPFN_ENS_CANDIDATES_PER_TABLE]
                              [--tabpfn-ens-context-size TABPFN_ENS_CONTEXT_SIZE]
                              [--tabpfn-ens-colsample-min-rate TABPFN_ENS_COLSAMPLE_MIN_RATE]
                              [--tabpfn-ens-colsample-max-rate TABPFN_ENS_COLSAMPLE_MAX_RATE]
                              [--tabpfn-ens-max-selected TABPFN_ENS_MAX_SELECTED]
                              [--tabpfn-ens-n-jobs TABPFN_ENS_N_JOBS]
                              [--limix-model-path LIMIX_MODEL_PATH]
                              [--limix-config-path LIMIX_CONFIG_PATH]
                              [--feature-normalization {none,standardize}]
                              [--save-prefix SAVE_PREFIX]
train_gcn_planetoid.py: error: argument --dataset: invalid choice: 'Squirrel' (choose from 'Cora', 'CiteSeer', 'PubMed', 'Computers', 'Photo', 'chameleon', 'squirrel', 'Actor')
