Linear pretrain split: train=8250, val=2751, test=2751
Split setting: source=random, requested_train_test_ratio=4.0000
Backbone setting: base_model=gat, hidden_dim=128, embedding_dim=128, num_layers=2, dropout=0.5, gat_heads=8
[Pretrain] epoch=001 loss=2.2906 train_acc=0.3750 val_acc=0.3751
[Pretrain] epoch=020 loss=1.8060 train_acc=0.3748 val_acc=0.3744
[Pretrain] epoch=040 loss=1.4733 train_acc=0.5558 val_acc=0.5522
[Pretrain] epoch=060 loss=1.0996 train_acc=0.6768 val_acc=0.6743
[Pretrain] epoch=080 loss=0.8989 train_acc=0.7509 val_acc=0.7554
[Pretrain] epoch=100 loss=0.7760 train_acc=0.7793 val_acc=0.7775
[Pretrain] epoch=120 loss=1.3970 train_acc=0.6525 val_acc=0.6445
[Pretrain] epoch=140 loss=0.8141 train_acc=0.7610 val_acc=0.7615
[Pretrain] epoch=160 loss=0.6508 train_acc=0.8070 val_acc=0.7957
[Pretrain] epoch=180 loss=0.6259 train_acc=0.8284 val_acc=0.8212
[Pretrain] epoch=200 loss=3.0261 train_acc=0.5121 val_acc=0.5104
[Pretrain] epoch=220 loss=0.9855 train_acc=0.7359 val_acc=0.7401
[Pretrain] epoch=240 loss=0.7395 train_acc=0.7869 val_acc=0.7808
[Pretrain] epoch=260 loss=0.6760 train_acc=0.8085 val_acc=0.8023
[Pretrain] epoch=280 loss=0.6490 train_acc=0.8224 val_acc=0.8157
[Pretrain] epoch=300 loss=0.6310 train_acc=0.8268 val_acc=0.8197
[Pretrain] selected epoch=185 val_acc=0.8273
[Computers] embedding built after pretraining (shape=(13752, 128))
  selected-layer embedding (layer=1/2) shape=(13752, 1024) mean=0.0001 std=0.0041 min=-0.0486 max=0.0601
Appended graph engineered features to prediction embedding: [lap_rw_resp_norm, neighbor_count, degree], new_total_dim=131
[LinearHead] epoch=001 loss=2.3422 train_acc=0.3942 val_acc=0.3955
[LinearHead] epoch=020 loss=0.9530 train_acc=0.7448 val_acc=0.7368
[LinearHead] epoch=040 loss=0.6585 train_acc=0.8114 val_acc=0.8026
[LinearHead] epoch=060 loss=0.5681 train_acc=0.8310 val_acc=0.8233
[LinearHead] epoch=080 loss=0.5277 train_acc=0.8381 val_acc=0.8270
[LinearHead] epoch=100 loss=0.5042 train_acc=0.8407 val_acc=0.8288
[LinearHead] epoch=120 loss=0.4889 train_acc=0.8453 val_acc=0.8332
[LinearHead] epoch=140 loss=0.4781 train_acc=0.8499 val_acc=0.8357
[LinearHead] epoch=160 loss=0.4702 train_acc=0.8531 val_acc=0.8393
[LinearHead] epoch=180 loss=0.4643 train_acc=0.8553 val_acc=0.8401
[LinearHead] epoch=200 loss=0.4598 train_acc=0.8572 val_acc=0.8441
[LinearHead] selected epoch=200 val_acc=0.8441
Linear-head test accuracy: 0.8571
Linear-head classification report:
              precision    recall  f1-score   support

           0     0.9254    0.7126    0.8052        87
           1     0.8884    0.8718    0.8800       429
           2     0.8754    0.9682    0.9195       283
           3     0.9483    0.5093    0.6627       108
           4     0.8793    0.9109    0.8948      1032
           5     0.9394    1.0000    0.9688        62
           6     0.6500    0.1340    0.2222        97
           7     0.8970    0.9024    0.8997       164
           8     0.7349    0.8747    0.7987       431
           9     0.8983    0.9138    0.9060        58

    accuracy                         0.8571      2751
   macro avg     0.8636    0.7798    0.7958      2751
weighted avg     0.8566    0.8571    0.8465      2751

