=============================================== 
Run started at 2026/04/25 ÖÜĮł 17:41:42.73 
Working directory: D:\university\GCN-TabPFN\code 
=============================================== 
 
---------- STEP 1 START 2026/04/25 ÖÜĮł 17:41:42.77 ---------- 
Command: python examples/train_gcn_planetoid.py --dataset Photo --base-model gcn --encoder-fusion none --encoder-pretrain-head linear --prediction-head linear --embedding-branch branch2  --num-layers 2 --dropout 0.5 --split-source random --train-test-ratio 4 --val-size 0.25 --pretrain-epochs 300  --device cuda --tabpfn-device cuda --feature-normalization none 
[INFO] Step 1 completed successfully. 
---------- STEP 1 OUTPUT BEGIN ---------- 
Linear pretrain split: train=4590, val=1530, test=1530
Split setting: source=random, requested_train_test_ratio=4.0000
Backbone setting: base_model=gcn, hidden_dim=128, embedding_dim=128, num_layers=2, dropout=0.5, gat_heads=8, linkx_edge_layers=1, linkx_node_layers=1, fagcn_eps=0.1, gpr_alpha=0.1
[Pretrain] epoch=001 loss=2.0737 train_acc=0.2538 val_acc=0.2536
[Pretrain] epoch=020 loss=1.8947 train_acc=0.3529 val_acc=0.3405
[Pretrain] epoch=040 loss=1.3258 train_acc=0.4778 val_acc=0.4758
[Pretrain] epoch=060 loss=0.8014 train_acc=0.7499 val_acc=0.7346
[Pretrain] epoch=080 loss=0.4908 train_acc=0.8630 val_acc=0.8451
[Pretrain] epoch=100 loss=0.4073 train_acc=0.9118 val_acc=0.8954
[Pretrain] epoch=120 loss=0.3757 train_acc=0.9207 val_acc=0.9059
[Pretrain] epoch=140 loss=0.3354 train_acc=0.9255 val_acc=0.9118
[Pretrain] epoch=160 loss=0.3508 train_acc=0.9283 val_acc=0.9118
[Pretrain] epoch=180 loss=0.3077 train_acc=0.9288 val_acc=0.9144
[Pretrain] epoch=200 loss=0.3028 train_acc=0.9322 val_acc=0.9183
[Pretrain] epoch=220 loss=0.2879 train_acc=0.9355 val_acc=0.9203
[Pretrain] epoch=240 loss=0.2807 train_acc=0.9364 val_acc=0.9229
[Pretrain] epoch=260 loss=0.2774 train_acc=0.9368 val_acc=0.9216
[Pretrain] epoch=280 loss=0.2766 train_acc=0.9390 val_acc=0.9196
[Pretrain] epoch=300 loss=0.2699 train_acc=0.9388 val_acc=0.9163
[Pretrain] selected epoch=286 val_acc=0.9275
[Photo] embedding built after pretraining (shape=(7650, 128))
  selected-layer embedding (layer=1/2) shape=(7650, 128) mean=0.0009 std=0.0208 min=-0.1164 max=0.2538
Prediction embedding branch setting: branch=branch2, pre_agg_pca_dim=0, add_graph_engineered_features=True
Appended graph engineered features to prediction embedding: [lap_rw_resp_norm, neighbor_count, degree, l2_diff_1hop(1), cos_sim_1hop(1), hop1_dispersion_trace(1), hop2_dispersion_trace(1), pagerank(1)], new_total_dim=136
[LinearHead] epoch=001 loss=3.5859 train_acc=0.1303 val_acc=0.1248
[LinearHead] epoch=020 loss=1.0634 train_acc=0.8231 val_acc=0.8085
[LinearHead] epoch=040 loss=0.6313 train_acc=0.8824 val_acc=0.8647
[LinearHead] epoch=060 loss=0.4703 train_acc=0.9144 val_acc=0.8954
[LinearHead] epoch=080 loss=0.3929 train_acc=0.9266 val_acc=0.9078
[LinearHead] epoch=100 loss=0.3462 train_acc=0.9318 val_acc=0.9124
[LinearHead] epoch=120 loss=0.3146 train_acc=0.9359 val_acc=0.9163
[LinearHead] epoch=140 loss=0.2918 train_acc=0.9379 val_acc=0.9190
[LinearHead] epoch=160 loss=0.2746 train_acc=0.9388 val_acc=0.9209
[LinearHead] epoch=180 loss=0.2612 train_acc=0.9399 val_acc=0.9222
[LinearHead] epoch=200 loss=0.2505 train_acc=0.9416 val_acc=0.9216
[LinearHead] selected epoch=179 val_acc=0.9222
Linear-head test accuracy: 0.9314
Linear-head classification report:
              precision    recall  f1-score   support

           0     0.9559    0.8784    0.9155        74
           1     0.9461    0.9377    0.9419       337
           2     0.9699    0.9149    0.9416       141
           3     0.8769    0.9344    0.9048       183
           4     0.9282    0.9545    0.9412       176
           5     0.9368    0.9879    0.9617       165
           6     0.9227    0.9536    0.9379       388
           7     0.9773    0.6515    0.7818        66

    accuracy                         0.9314      1530
   macro avg     0.9392    0.9016    0.9158      1530
weighted avg     0.9328    0.9314    0.9303      1530

---------- STEP 1 OUTPUT END ------------ 
---------- STEP 1 END 2026/04/25 ÖÜĮł 17:42:24.10 ---------- 
 
---------- STEP 2 START 2026/04/25 ÖÜĮł 17:42:24.14 ---------- 
Command: python examples/train_gcn_planetoid.py --dataset Photo --base-model gcn --encoder-fusion none --encoder-pretrain-head linear --prediction-head tabpfn --embedding-branch branch2  --num-layers 2 --dropout 0.5 --split-source random --train-test-ratio 4 --val-size 0.25 --pretrain-epochs 300  --device cuda --tabpfn-device cuda --feature-normalization none 
[INFO] Step 2 completed successfully. 
---------- STEP 2 OUTPUT BEGIN ---------- 
Linear pretrain split: train=4590, val=1530, test=1530
Split setting: source=random, requested_train_test_ratio=4.0000
Backbone setting: base_model=gcn, hidden_dim=128, embedding_dim=128, num_layers=2, dropout=0.5, gat_heads=8, linkx_edge_layers=1, linkx_node_layers=1, fagcn_eps=0.1, gpr_alpha=0.1
[Pretrain] epoch=001 loss=2.0737 train_acc=0.2538 val_acc=0.2536
[Pretrain] epoch=020 loss=1.8947 train_acc=0.3529 val_acc=0.3405
[Pretrain] epoch=040 loss=1.3258 train_acc=0.4778 val_acc=0.4758
[Pretrain] epoch=060 loss=0.8014 train_acc=0.7499 val_acc=0.7346
[Pretrain] epoch=080 loss=0.4908 train_acc=0.8630 val_acc=0.8451
[Pretrain] epoch=100 loss=0.4073 train_acc=0.9118 val_acc=0.8948
[Pretrain] epoch=120 loss=0.3758 train_acc=0.9207 val_acc=0.9059
[Pretrain] epoch=140 loss=0.3354 train_acc=0.9255 val_acc=0.9124
[Pretrain] epoch=160 loss=0.3498 train_acc=0.9283 val_acc=0.9118
[Pretrain] epoch=180 loss=0.3084 train_acc=0.9290 val_acc=0.9157
[Pretrain] epoch=200 loss=0.3022 train_acc=0.9325 val_acc=0.9170
[Pretrain] epoch=220 loss=0.2870 train_acc=0.9355 val_acc=0.9203
[Pretrain] epoch=240 loss=0.2803 train_acc=0.9366 val_acc=0.9216
[Pretrain] epoch=260 loss=0.2774 train_acc=0.9370 val_acc=0.9209
[Pretrain] epoch=280 loss=0.2769 train_acc=0.9390 val_acc=0.9209
[Pretrain] epoch=300 loss=0.2698 train_acc=0.9390 val_acc=0.9157
[Pretrain] selected epoch=286 val_acc=0.9261
[Photo] embedding built after pretraining (shape=(7650, 128))
  selected-layer embedding (layer=1/2) shape=(7650, 128) mean=0.0009 std=0.0197 min=-0.1081 max=0.2537
Prediction embedding branch setting: branch=branch2, pre_agg_pca_dim=0, add_graph_engineered_features=True
Appended graph engineered features to prediction embedding: [lap_rw_resp_norm, neighbor_count, degree, l2_diff_1hop(1), cos_sim_1hop(1), hop1_dispersion_trace(1), hop2_dispersion_trace(1), pagerank(1)], new_total_dim=136
Applied feature normalization: none.
Split complete: x_train=(6120, 136), x_test=(1530, 136), num_classes=8, actual_train_test_ratio=4.0000
TabPFN test accuracy: 0.9451
TabPFN classification report:
              precision    recall  f1-score   support

           0     0.9718    0.9324    0.9517        74
           1     0.9608    0.9466    0.9537       337
           2     0.9630    0.9220    0.9420       141
           3     0.8854    0.9290    0.9067       183
           4     0.9333    0.9545    0.9438       176
           5     0.9588    0.9879    0.9731       165
           6     0.9444    0.9639    0.9541       388
           7     0.9815    0.8030    0.8833        66

    accuracy                         0.9451      1530
   macro avg     0.9499    0.9299    0.9386      1530
weighted avg     0.9459    0.9451    0.9449      1530

---------- STEP 2 OUTPUT END ------------ 
---------- STEP 2 END 2026/04/25 ÖÜĮł 17:46:54.47 ---------- 
 
---------- STEP 3 START 2026/04/25 ÖÜĮł 17:46:54.49 ---------- 
Command: python examples/train_gcn_planetoid.py --dataset Photo --base-model gat --encoder-fusion none --encoder-pretrain-head linear --prediction-head linear --embedding-branch branch2  --num-layers 2 --dropout 0.5 --split-source random --train-test-ratio 4 --val-size 0.25 --pretrain-epochs 300  --device cuda --tabpfn-device cuda --feature-normalization none 
[INFO] Step 3 completed successfully. 
---------- STEP 3 OUTPUT BEGIN ---------- 
Linear pretrain split: train=4590, val=1530, test=1530
Split setting: source=random, requested_train_test_ratio=4.0000
Backbone setting: base_model=gat, hidden_dim=128, embedding_dim=128, num_layers=2, dropout=0.5, gat_heads=8, linkx_edge_layers=1, linkx_node_layers=1, fagcn_eps=0.1, gpr_alpha=0.1
[Pretrain] epoch=001 loss=2.0706 train_acc=0.2205 val_acc=0.2203
[Pretrain] epoch=020 loss=1.3645 train_acc=0.5035 val_acc=0.4961
[Pretrain] epoch=040 loss=0.5539 train_acc=0.8869 val_acc=0.8863
[Pretrain] epoch=060 loss=0.6148 train_acc=0.8732 val_acc=0.8627
[Pretrain] epoch=080 loss=0.4429 train_acc=0.9133 val_acc=0.9124
[Pretrain] epoch=100 loss=0.4105 train_acc=0.9170 val_acc=0.9013
[Pretrain] epoch=120 loss=0.3960 train_acc=0.9026 val_acc=0.8869
[Pretrain] epoch=140 loss=0.3697 train_acc=0.9244 val_acc=0.9163
[Pretrain] epoch=160 loss=0.6387 train_acc=0.7451 val_acc=0.7222
[Pretrain] epoch=180 loss=0.5005 train_acc=0.8734 val_acc=0.8745
[Pretrain] epoch=200 loss=0.3609 train_acc=0.9290 val_acc=0.9216
[Pretrain] epoch=220 loss=0.3677 train_acc=0.9296 val_acc=0.9170
[Pretrain] epoch=240 loss=0.3517 train_acc=0.9331 val_acc=0.9209
[Pretrain] epoch=260 loss=0.3413 train_acc=0.9320 val_acc=0.9176
[Pretrain] epoch=280 loss=0.3400 train_acc=0.9353 val_acc=0.9190
[Pretrain] epoch=300 loss=0.3285 train_acc=0.9379 val_acc=0.9235
[Pretrain] selected epoch=256 val_acc=0.9248
[Photo] embedding built after pretraining (shape=(7650, 128))
  selected-layer embedding (layer=1/2) shape=(7650, 1024) mean=0.0004 std=0.0051 min=-0.0428 max=0.0461
Prediction embedding branch setting: branch=branch2, pre_agg_pca_dim=0, add_graph_engineered_features=True
Appended graph engineered features to prediction embedding: [lap_rw_resp_norm, neighbor_count, degree, l2_diff_1hop(1), cos_sim_1hop(1), hop1_dispersion_trace(1), hop2_dispersion_trace(1), pagerank(1)], new_total_dim=136
[LinearHead] epoch=001 loss=4.2906 train_acc=0.1856 val_acc=0.1850
[LinearHead] epoch=020 loss=0.8906 train_acc=0.8508 val_acc=0.8314
[LinearHead] epoch=040 loss=0.4934 train_acc=0.9031 val_acc=0.8948
[LinearHead] epoch=060 loss=0.3672 train_acc=0.9224 val_acc=0.9163
[LinearHead] epoch=080 loss=0.3139 train_acc=0.9320 val_acc=0.9209
[LinearHead] epoch=100 loss=0.2837 train_acc=0.9338 val_acc=0.9229
[LinearHead] epoch=120 loss=0.2642 train_acc=0.9357 val_acc=0.9255
[LinearHead] epoch=140 loss=0.2505 train_acc=0.9377 val_acc=0.9275
[LinearHead] epoch=160 loss=0.2405 train_acc=0.9388 val_acc=0.9288
[LinearHead] epoch=180 loss=0.2329 train_acc=0.9390 val_acc=0.9301
[LinearHead] epoch=200 loss=0.2270 train_acc=0.9392 val_acc=0.9314
[LinearHead] selected epoch=199 val_acc=0.9314
Linear-head test accuracy: 0.9340
Linear-head classification report:
              precision    recall  f1-score   support

           0     0.9571    0.9054    0.9306        74
           1     0.9514    0.9288    0.9399       337
           2     0.9485    0.9149    0.9314       141
           3     0.8600    0.9399    0.8982       183
           4     0.9545    0.9545    0.9545       176
           5     0.9591    0.9939    0.9762       165
           6     0.9235    0.9639    0.9433       388
           7     0.9767    0.6364    0.7706        66

    accuracy                         0.9340      1530
   macro avg     0.9414    0.9047    0.9181      1530
weighted avg     0.9357    0.9340    0.9328      1530

---------- STEP 3 OUTPUT END ------------ 
---------- STEP 3 END 2026/04/25 ÖÜĮł 17:48:18.92 ---------- 
 
---------- STEP 4 START 2026/04/25 ÖÜĮł 17:48:18.94 ---------- 
Command: python examples/train_gcn_planetoid.py --dataset Photo --base-model gat --encoder-fusion none --encoder-pretrain-head linear --prediction-head tabpfn --embedding-branch branch2  --num-layers 2 --dropout 0.5 --split-source random --train-test-ratio 4 --val-size 0.25 --pretrain-epochs 300  --device cuda --tabpfn-device cuda --feature-normalization none 
[INFO] Step 4 completed successfully. 
---------- STEP 4 OUTPUT BEGIN ---------- 
Linear pretrain split: train=4590, val=1530, test=1530
Split setting: source=random, requested_train_test_ratio=4.0000
Backbone setting: base_model=gat, hidden_dim=128, embedding_dim=128, num_layers=2, dropout=0.5, gat_heads=8, linkx_edge_layers=1, linkx_node_layers=1, fagcn_eps=0.1, gpr_alpha=0.1
[Pretrain] epoch=001 loss=2.0706 train_acc=0.2205 val_acc=0.2203
[Pretrain] epoch=020 loss=1.3645 train_acc=0.5035 val_acc=0.4961
[Pretrain] epoch=040 loss=0.5539 train_acc=0.8869 val_acc=0.8863
[Pretrain] epoch=060 loss=0.6294 train_acc=0.8747 val_acc=0.8647
[Pretrain] epoch=080 loss=0.4417 train_acc=0.9122 val_acc=0.9105
[Pretrain] epoch=100 loss=0.4078 train_acc=0.9209 val_acc=0.9118
[Pretrain] epoch=120 loss=0.4231 train_acc=0.8943 val_acc=0.8915
[Pretrain] epoch=140 loss=0.3750 train_acc=0.9248 val_acc=0.9190
[Pretrain] epoch=160 loss=0.3543 train_acc=0.9305 val_acc=0.9170
[Pretrain] epoch=180 loss=1.0320 train_acc=0.7139 val_acc=0.7124
[Pretrain] epoch=200 loss=0.4387 train_acc=0.8636 val_acc=0.8536
[Pretrain] epoch=220 loss=0.3724 train_acc=0.9170 val_acc=0.9157
[Pretrain] epoch=240 loss=0.3741 train_acc=0.9248 val_acc=0.9196
[Pretrain] epoch=260 loss=0.3580 train_acc=0.9222 val_acc=0.9163
[Pretrain] epoch=280 loss=0.3543 train_acc=0.9261 val_acc=0.9176
[Pretrain] epoch=300 loss=0.3431 train_acc=0.9266 val_acc=0.9196
[Pretrain] selected epoch=158 val_acc=0.9229
[Photo] embedding built after pretraining (shape=(7650, 128))
  selected-layer embedding (layer=1/2) shape=(7650, 1024) mean=0.0004 std=0.0051 min=-0.0367 max=0.0397
Prediction embedding branch setting: branch=branch2, pre_agg_pca_dim=0, add_graph_engineered_features=True
Appended graph engineered features to prediction embedding: [lap_rw_resp_norm, neighbor_count, degree, l2_diff_1hop(1), cos_sim_1hop(1), hop1_dispersion_trace(1), hop2_dispersion_trace(1), pagerank(1)], new_total_dim=136
Applied feature normalization: none.
Split complete: x_train=(6120, 136), x_test=(1530, 136), num_classes=8, actual_train_test_ratio=4.0000
TabPFN test accuracy: 0.9484
TabPFN classification report:
              precision    recall  f1-score   support

           0     0.9722    0.9459    0.9589        74
           1     0.9637    0.9466    0.9551       337
           2     0.9565    0.9362    0.9462       141
           3     0.8906    0.9344    0.9120       183
           4     0.9441    0.9602    0.9521       176
           5     0.9762    0.9939    0.9850       165
           6     0.9470    0.9665    0.9566       388
           7     0.9444    0.7727    0.8500        66

    accuracy                         0.9484      1530
   macro avg     0.9494    0.9321    0.9395      1530
weighted avg     0.9487    0.9484    0.9480      1530

---------- STEP 4 OUTPUT END ------------ 
---------- STEP 4 END 2026/04/25 ÖÜĮł 17:53:28.14 ---------- 
 
---------- STEP 5 START 2026/04/25 ÖÜĮł 17:53:28.16 ---------- 
Command: python examples/train_gcn_planetoid.py --dataset Photo --base-model sage --encoder-fusion none --encoder-pretrain-head linear --prediction-head linear --embedding-branch branch2  --num-layers 2 --dropout 0.5 --split-source random --train-test-ratio 4 --val-size 0.25 --pretrain-epochs 300  --device cuda --tabpfn-device cuda --feature-normalization none 
[INFO] Step 5 completed successfully. 
---------- STEP 5 OUTPUT BEGIN ---------- 
Linear pretrain split: train=4590, val=1530, test=1530
Split setting: source=random, requested_train_test_ratio=4.0000
Backbone setting: base_model=sage, hidden_dim=128, embedding_dim=128, num_layers=2, dropout=0.5, gat_heads=8, linkx_edge_layers=1, linkx_node_layers=1, fagcn_eps=0.1, gpr_alpha=0.1
[Pretrain] epoch=001 loss=2.0667 train_acc=0.2551 val_acc=0.2562
[Pretrain] epoch=020 loss=1.4328 train_acc=0.4377 val_acc=0.4294
[Pretrain] epoch=040 loss=0.5839 train_acc=0.8684 val_acc=0.8693
[Pretrain] epoch=060 loss=0.2734 train_acc=0.9312 val_acc=0.9176
[Pretrain] epoch=080 loss=0.2264 train_acc=0.9503 val_acc=0.9320
[Pretrain] epoch=100 loss=0.2033 train_acc=0.9580 val_acc=0.9333
[Pretrain] epoch=120 loss=0.1830 train_acc=0.9671 val_acc=0.9425
[Pretrain] epoch=140 loss=0.1910 train_acc=0.9675 val_acc=0.9386
[Pretrain] epoch=160 loss=0.1601 train_acc=0.9686 val_acc=0.9412
[Pretrain] epoch=180 loss=0.1419 train_acc=0.9741 val_acc=0.9464
[Pretrain] epoch=200 loss=0.1406 train_acc=0.9763 val_acc=0.9477
[Pretrain] epoch=220 loss=0.1332 train_acc=0.9784 val_acc=0.9471
[Pretrain] epoch=240 loss=0.1317 train_acc=0.9760 val_acc=0.9484
[Pretrain] epoch=260 loss=0.1288 train_acc=0.9789 val_acc=0.9471
[Pretrain] epoch=280 loss=0.1321 train_acc=0.9813 val_acc=0.9516
[Pretrain] epoch=300 loss=0.1396 train_acc=0.9765 val_acc=0.9418
[Pretrain] selected epoch=286 val_acc=0.9536
[Photo] embedding built after pretraining (shape=(7650, 128))
  selected-layer embedding (layer=1/2) shape=(7650, 128) mean=0.0032 std=0.0166 min=-0.0554 max=0.1105
Prediction embedding branch setting: branch=branch2, pre_agg_pca_dim=0, add_graph_engineered_features=True
Appended graph engineered features to prediction embedding: [lap_rw_resp_norm, neighbor_count, degree, l2_diff_1hop(1), cos_sim_1hop(1), hop1_dispersion_trace(1), hop2_dispersion_trace(1), pagerank(1)], new_total_dim=136
[LinearHead] epoch=001 loss=3.0806 train_acc=0.1379 val_acc=0.1340
[LinearHead] epoch=020 loss=0.7859 train_acc=0.8961 val_acc=0.8810
[LinearHead] epoch=040 loss=0.3541 train_acc=0.9662 val_acc=0.9418
[LinearHead] epoch=060 loss=0.2330 train_acc=0.9776 val_acc=0.9497
[LinearHead] epoch=080 loss=0.1826 train_acc=0.9780 val_acc=0.9523
[LinearHead] epoch=100 loss=0.1541 train_acc=0.9791 val_acc=0.9529
[LinearHead] epoch=120 loss=0.1354 train_acc=0.9795 val_acc=0.9536
[LinearHead] epoch=140 loss=0.1222 train_acc=0.9800 val_acc=0.9536
[LinearHead] epoch=160 loss=0.1122 train_acc=0.9808 val_acc=0.9516
[LinearHead] epoch=180 loss=0.1045 train_acc=0.9810 val_acc=0.9510
[LinearHead] epoch=200 loss=0.0983 train_acc=0.9815 val_acc=0.9529
[LinearHead] selected epoch=104 val_acc=0.9542
Linear-head test accuracy: 0.9431
Linear-head classification report:
              precision    recall  f1-score   support

           0     0.9706    0.8919    0.9296        74
           1     0.9501    0.9614    0.9558       337
           2     0.9699    0.9149    0.9416       141
           3     0.9162    0.9563    0.9358       183
           4     0.9441    0.9602    0.9521       176
           5     0.9699    0.9758    0.9728       165
           6     0.9256    0.9613    0.9431       388
           7     0.9388    0.6970    0.8000        66

    accuracy                         0.9431      1530
   macro avg     0.9482    0.9148    0.9288      1530
weighted avg     0.9436    0.9431    0.9423      1530

---------- STEP 5 OUTPUT END ------------ 
---------- STEP 5 END 2026/04/25 ÖÜĮł 17:54:08.87 ---------- 
 
---------- STEP 6 START 2026/04/25 ÖÜĮł 17:54:08.89 ---------- 
Command: python examples/train_gcn_planetoid.py --dataset Photo --base-model sage --encoder-fusion none --encoder-pretrain-head linear --prediction-head tabpfn --embedding-branch branch2  --num-layers 2 --dropout 0.5 --split-source random --train-test-ratio 4 --val-size 0.25 --pretrain-epochs 300  --device cuda --tabpfn-device cuda --feature-normalization none 
[INFO] Step 6 completed successfully. 
---------- STEP 6 OUTPUT BEGIN ---------- 
Linear pretrain split: train=4590, val=1530, test=1530
Split setting: source=random, requested_train_test_ratio=4.0000
Backbone setting: base_model=sage, hidden_dim=128, embedding_dim=128, num_layers=2, dropout=0.5, gat_heads=8, linkx_edge_layers=1, linkx_node_layers=1, fagcn_eps=0.1, gpr_alpha=0.1
[Pretrain] epoch=001 loss=2.0667 train_acc=0.2551 val_acc=0.2562
[Pretrain] epoch=020 loss=1.4328 train_acc=0.4377 val_acc=0.4294
[Pretrain] epoch=040 loss=0.5839 train_acc=0.8684 val_acc=0.8693
[Pretrain] epoch=060 loss=0.2734 train_acc=0.9312 val_acc=0.9176
[Pretrain] epoch=080 loss=0.2265 train_acc=0.9503 val_acc=0.9320
[Pretrain] epoch=100 loss=0.2033 train_acc=0.9582 val_acc=0.9333
[Pretrain] epoch=120 loss=0.1830 train_acc=0.9671 val_acc=0.9425
[Pretrain] epoch=140 loss=0.1907 train_acc=0.9675 val_acc=0.9386
[Pretrain] epoch=160 loss=0.1592 train_acc=0.9686 val_acc=0.9412
[Pretrain] epoch=180 loss=0.1421 train_acc=0.9741 val_acc=0.9471
[Pretrain] epoch=200 loss=0.1403 train_acc=0.9758 val_acc=0.9471
[Pretrain] epoch=220 loss=0.1335 train_acc=0.9791 val_acc=0.9484
[Pretrain] epoch=240 loss=0.1314 train_acc=0.9765 val_acc=0.9490
[Pretrain] epoch=260 loss=0.1289 train_acc=0.9776 val_acc=0.9464
[Pretrain] epoch=280 loss=0.1312 train_acc=0.9817 val_acc=0.9516
[Pretrain] epoch=300 loss=0.1595 train_acc=0.9678 val_acc=0.9320
[Pretrain] selected epoch=286 val_acc=0.9529
[Photo] embedding built after pretraining (shape=(7650, 128))
  selected-layer embedding (layer=1/2) shape=(7650, 128) mean=0.0026 std=0.0201 min=-0.1132 max=0.1107
Prediction embedding branch setting: branch=branch2, pre_agg_pca_dim=0, add_graph_engineered_features=True
Appended graph engineered features to prediction embedding: [lap_rw_resp_norm, neighbor_count, degree, l2_diff_1hop(1), cos_sim_1hop(1), hop1_dispersion_trace(1), hop2_dispersion_trace(1), pagerank(1)], new_total_dim=136
Applied feature normalization: none.
Split complete: x_train=(6120, 136), x_test=(1530, 136), num_classes=8, actual_train_test_ratio=4.0000
TabPFN test accuracy: 0.9484
TabPFN classification report:
              precision    recall  f1-score   support

           0     0.9718    0.9324    0.9517        74
           1     0.9589    0.9703    0.9646       337
           2     0.9489    0.9220    0.9353       141
           3     0.9448    0.9344    0.9396       183
           4     0.9605    0.9659    0.9632       176
           5     0.9760    0.9879    0.9819       165
           6     0.9365    0.9510    0.9437       388
           7     0.8387    0.7879    0.8125        66

    accuracy                         0.9484      1530
   macro avg     0.9420    0.9315    0.9366      1530
weighted avg     0.9481    0.9484    0.9481      1530

---------- STEP 6 OUTPUT END ------------ 
---------- STEP 6 END 2026/04/25 ÖÜĮł 17:58:34.33 ---------- 
[INFO] All commands finished successfully. 
Run finished at 2026/04/25 ÖÜĮł 17:58:34.35 
=============================================== 
