Linear pretrain split: train=1365, val=456, test=456
Split setting: source=random, requested_train_test_ratio=4.0000
Backbone setting: base_model=fagcn, hidden_dim=128, embedding_dim=128, num_layers=2, dropout=0.5, gat_heads=8, linkx_edge_layers=1, linkx_node_layers=1, fagcn_eps=0.1, gpr_alpha=0.1
[Pretrain] epoch=001 loss=1.6086 train_acc=0.2286 val_acc=0.2303
[Pretrain] epoch=020 loss=1.6047 train_acc=0.2286 val_acc=0.2303
[Pretrain] epoch=040 loss=1.5627 train_acc=0.3355 val_acc=0.3443
[Pretrain] epoch=060 loss=1.4939 train_acc=0.3905 val_acc=0.3816
[Pretrain] epoch=080 loss=1.4332 train_acc=0.4564 val_acc=0.3838
[Pretrain] epoch=100 loss=1.2827 train_acc=0.4813 val_acc=0.3596
[Pretrain] epoch=120 loss=1.1157 train_acc=0.6051 val_acc=0.3706
[Pretrain] epoch=140 loss=1.0279 train_acc=0.7333 val_acc=0.3904
[Pretrain] epoch=160 loss=0.9535 train_acc=0.7766 val_acc=0.3969
[Pretrain] epoch=180 loss=0.8970 train_acc=0.8249 val_acc=0.4276
[Pretrain] epoch=200 loss=0.8987 train_acc=0.8469 val_acc=0.4145
[Pretrain] epoch=220 loss=0.8578 train_acc=0.8381 val_acc=0.4145
[Pretrain] epoch=240 loss=0.8729 train_acc=0.8396 val_acc=0.4232
[Pretrain] epoch=260 loss=0.8384 train_acc=0.8813 val_acc=0.4254
[Pretrain] epoch=280 loss=0.8185 train_acc=0.8462 val_acc=0.4298
[Pretrain] epoch=300 loss=0.8260 train_acc=0.8747 val_acc=0.4408
[Pretrain] selected epoch=242 val_acc=0.4759
[chameleon] embedding built after pretraining (shape=(2277, 128))
  selected-layer embedding (layer=1/2) shape=(2277, 128) mean=0.0003 std=0.0712 min=-1.3948 max=1.5315
Prediction embedding branch setting: branch=branch2, pre_agg_pca_dim=64, add_graph_engineered_features=True
[chameleon] prediction uses concatenated embedding: gnn_dim=128 + pre_agg_dim=64 -> total_dim=200
Appended graph engineered features to prediction embedding: [lap_rw_resp_norm, neighbor_count, degree, l2_diff_1hop(1), cos_sim_1hop(1), hop1_dispersion_trace(1), hop2_dispersion_trace(1), pagerank(1)], new_total_dim=200
[LinearHead] epoch=001 loss=2.4496 train_acc=0.3033 val_acc=0.2939
[LinearHead] epoch=020 loss=0.9841 train_acc=0.6344 val_acc=0.4561
[LinearHead] epoch=040 loss=0.7581 train_acc=0.7619 val_acc=0.4803
[LinearHead] epoch=060 loss=0.6427 train_acc=0.8256 val_acc=0.4803
[LinearHead] epoch=080 loss=0.5654 train_acc=0.8586 val_acc=0.4715
[LinearHead] epoch=100 loss=0.5088 train_acc=0.8806 val_acc=0.4846
[LinearHead] epoch=120 loss=0.4654 train_acc=0.8930 val_acc=0.4934
[LinearHead] epoch=140 loss=0.4312 train_acc=0.9040 val_acc=0.4978
[LinearHead] epoch=160 loss=0.4034 train_acc=0.9136 val_acc=0.4890
[LinearHead] epoch=180 loss=0.3805 train_acc=0.9179 val_acc=0.4825
[LinearHead] epoch=200 loss=0.3613 train_acc=0.9289 val_acc=0.4825
[LinearHead] selected epoch=140 val_acc=0.4978
Linear-head test accuracy: 0.4627
Linear-head classification report:
              precision    recall  f1-score   support

           0     0.5349    0.5055    0.5198        91
           1     0.5526    0.4565    0.5000        92
           2     0.3947    0.3297    0.3593        91
           3     0.4324    0.4615    0.4465       104
           4     0.4206    0.5769    0.4865        78

    accuracy                         0.4627       456
   macro avg     0.4670    0.4660    0.4624       456
weighted avg     0.4676    0.4627    0.4614       456

