Linear pretrain split: train=11829, val=3944, test=3944
Split setting: source=random, requested_train_test_ratio=4.0000
Backbone setting: base_model=gcn, hidden_dim=128, embedding_dim=128, num_layers=2, dropout=0.5, gat_heads=8
[Pretrain] epoch=001 loss=1.1115 train_acc=0.5437 val_acc=0.5525
[Pretrain] epoch=020 loss=0.4387 train_acc=0.8472 val_acc=0.8365
[Pretrain] epoch=040 loss=0.3516 train_acc=0.8838 val_acc=0.8725
[Pretrain] epoch=060 loss=0.3197 train_acc=0.8887 val_acc=0.8765
[Pretrain] epoch=080 loss=0.3009 train_acc=0.8969 val_acc=0.8869
[Pretrain] epoch=100 loss=0.2913 train_acc=0.9002 val_acc=0.8882
[Pretrain] epoch=120 loss=0.2901 train_acc=0.9013 val_acc=0.8887
[Pretrain] epoch=140 loss=0.2791 train_acc=0.9045 val_acc=0.8900
[Pretrain] epoch=160 loss=0.2756 train_acc=0.8988 val_acc=0.8753
[Pretrain] epoch=180 loss=0.2757 train_acc=0.9047 val_acc=0.8922
[Pretrain] epoch=200 loss=0.2708 train_acc=0.9086 val_acc=0.8892
[Pretrain] epoch=220 loss=0.2686 train_acc=0.9095 val_acc=0.8895
[Pretrain] epoch=240 loss=0.2655 train_acc=0.9104 val_acc=0.8902
[Pretrain] epoch=260 loss=0.2630 train_acc=0.9089 val_acc=0.8930
[Pretrain] epoch=280 loss=0.2605 train_acc=0.9113 val_acc=0.8920
[Pretrain] epoch=300 loss=0.2582 train_acc=0.9092 val_acc=0.8938
[Pretrain] selected epoch=187 val_acc=0.8945
[PubMed] embedding built after pretraining (shape=(19717, 128))
  selected-layer embedding (layer=1/2) shape=(19717, 128) mean=0.0018 std=0.0192 min=-0.1869 max=0.2096
Appended graph engineered features to prediction embedding: [lap_rw_resp_norm, neighbor_count, degree], new_total_dim=131
[LinearHead] epoch=001 loss=1.1813 train_acc=0.5351 val_acc=0.5327
[LinearHead] epoch=020 loss=0.4946 train_acc=0.9026 val_acc=0.8846
[LinearHead] epoch=040 loss=0.3408 train_acc=0.9062 val_acc=0.8917
[LinearHead] epoch=060 loss=0.2970 train_acc=0.9055 val_acc=0.8925
[LinearHead] epoch=080 loss=0.2788 train_acc=0.9068 val_acc=0.8907
[LinearHead] epoch=100 loss=0.2692 train_acc=0.9066 val_acc=0.8910
[LinearHead] epoch=120 loss=0.2635 train_acc=0.9066 val_acc=0.8910
[LinearHead] epoch=140 loss=0.2598 train_acc=0.9065 val_acc=0.8915
[LinearHead] epoch=160 loss=0.2574 train_acc=0.9066 val_acc=0.8915
[LinearHead] epoch=180 loss=0.2558 train_acc=0.9068 val_acc=0.8915
[LinearHead] epoch=200 loss=0.2547 train_acc=0.9073 val_acc=0.8915
[LinearHead] selected epoch=049 val_acc=0.8927
Linear-head test accuracy: 0.8897
Linear-head classification report:
              precision    recall  f1-score   support

           0     0.8534    0.8648    0.8590       821
           1     0.8925    0.9167    0.9044      1548
           2     0.9067    0.8762    0.8912      1575

    accuracy                         0.8897      3944
   macro avg     0.8842    0.8859    0.8849      3944
weighted avg     0.8900    0.8897    0.8897      3944

