Linear pretrain split: train=4590, val=1530, test=1530
Split setting: source=random, requested_train_test_ratio=4.0000
Backbone setting: base_model=gcn, hidden_dim=128, embedding_dim=128, num_layers=2, dropout=0.5, gat_heads=8
[Pretrain] epoch=001 loss=2.0737 train_acc=0.2538 val_acc=0.2536
[Pretrain] epoch=020 loss=1.8947 train_acc=0.3529 val_acc=0.3405
[Pretrain] epoch=040 loss=1.3258 train_acc=0.4778 val_acc=0.4758
[Pretrain] epoch=060 loss=0.8014 train_acc=0.7499 val_acc=0.7346
[Pretrain] epoch=080 loss=0.4908 train_acc=0.8630 val_acc=0.8451
[Pretrain] epoch=100 loss=0.4073 train_acc=0.9118 val_acc=0.8948
[Pretrain] epoch=120 loss=0.3758 train_acc=0.9207 val_acc=0.9059
[Pretrain] epoch=140 loss=0.3354 train_acc=0.9255 val_acc=0.9124
[Pretrain] epoch=160 loss=0.3499 train_acc=0.9283 val_acc=0.9118
[Pretrain] epoch=180 loss=0.3083 train_acc=0.9292 val_acc=0.9157
[Pretrain] epoch=200 loss=0.3023 train_acc=0.9325 val_acc=0.9170
[Pretrain] epoch=220 loss=0.2871 train_acc=0.9357 val_acc=0.9203
[Pretrain] epoch=240 loss=0.2803 train_acc=0.9366 val_acc=0.9216
[Pretrain] epoch=260 loss=0.2774 train_acc=0.9370 val_acc=0.9209
[Pretrain] epoch=280 loss=0.2769 train_acc=0.9390 val_acc=0.9209
[Pretrain] epoch=300 loss=0.2698 train_acc=0.9388 val_acc=0.9157
[Pretrain] selected epoch=286 val_acc=0.9261
[Photo] embedding built after pretraining (shape=(7650, 128))
  selected-layer embedding (layer=1/2) shape=(7650, 128) mean=0.0010 std=0.0195 min=-0.1074 max=0.2537
Appended graph engineered features to prediction embedding: [lap_rw_resp_norm, neighbor_count, degree], new_total_dim=131
[LinearHead] epoch=001 loss=3.8870 train_acc=0.1294 val_acc=0.1190
[LinearHead] epoch=020 loss=1.1118 train_acc=0.8403 val_acc=0.8216
[LinearHead] epoch=040 loss=0.6501 train_acc=0.8895 val_acc=0.8745
[LinearHead] epoch=060 loss=0.4832 train_acc=0.9085 val_acc=0.8889
[LinearHead] epoch=080 loss=0.4044 train_acc=0.9220 val_acc=0.9052
[LinearHead] epoch=100 loss=0.3559 train_acc=0.9277 val_acc=0.9092
[LinearHead] epoch=120 loss=0.3229 train_acc=0.9322 val_acc=0.9150
[LinearHead] epoch=140 loss=0.2990 train_acc=0.9362 val_acc=0.9170
[LinearHead] epoch=160 loss=0.2809 train_acc=0.9375 val_acc=0.9176
[LinearHead] epoch=180 loss=0.2668 train_acc=0.9392 val_acc=0.9203
[LinearHead] epoch=200 loss=0.2555 train_acc=0.9397 val_acc=0.9203
[LinearHead] selected epoch=179 val_acc=0.9203
Linear-head test accuracy: 0.9314
Linear-head classification report:
              precision    recall  f1-score   support

           0     0.9701    0.8784    0.9220        74
           1     0.9405    0.9377    0.9391       337
           2     0.9699    0.9149    0.9416       141
           3     0.8636    0.9344    0.8976       183
           4     0.9337    0.9602    0.9468       176
           5     0.9368    0.9879    0.9617       165
           6     0.9275    0.9562    0.9416       388
           7     1.0000    0.6212    0.7664        66

    accuracy                         0.9314      1530
   macro avg     0.9428    0.8989    0.9146      1530
weighted avg     0.9335    0.9314    0.9300      1530

