Linear pretrain split: train=3120, val=1040, test=1041
Split setting: source=random, requested_train_test_ratio=4.0000
Backbone setting: base_model=h2gcn, hidden_dim=128, embedding_dim=128, num_layers=2, dropout=0.5, gat_heads=8, linkx_edge_layers=1, linkx_node_layers=1, fagcn_eps=0.1, gpr_alpha=0.1
[Pretrain] epoch=001 loss=1.6092 train_acc=0.2635 val_acc=0.2856
[Pretrain] epoch=020 loss=1.5514 train_acc=0.2958 val_acc=0.3077
[Pretrain] epoch=040 loss=1.5415 train_acc=0.2958 val_acc=0.3077
[Pretrain] epoch=060 loss=1.5228 train_acc=0.3000 val_acc=0.3029
[Pretrain] epoch=080 loss=1.5242 train_acc=0.3038 val_acc=0.3029
[Pretrain] epoch=100 loss=1.5149 train_acc=0.3067 val_acc=0.3000
[Pretrain] epoch=120 loss=1.5212 train_acc=0.3064 val_acc=0.2654
[Pretrain] epoch=140 loss=1.5188 train_acc=0.3106 val_acc=0.2952
[Pretrain] epoch=160 loss=1.5059 train_acc=0.3058 val_acc=0.3010
[Pretrain] epoch=180 loss=1.5144 train_acc=0.3135 val_acc=0.2990
[Pretrain] epoch=200 loss=1.5095 train_acc=0.3131 val_acc=0.2923
[Pretrain] epoch=220 loss=1.5048 train_acc=0.3202 val_acc=0.2913
[Pretrain] epoch=240 loss=1.5212 train_acc=0.3183 val_acc=0.3010
[Pretrain] epoch=260 loss=1.4999 train_acc=0.3167 val_acc=0.2894
[Pretrain] epoch=280 loss=1.5065 train_acc=0.3196 val_acc=0.2875
[Pretrain] epoch=300 loss=1.5077 train_acc=0.3179 val_acc=0.2740
[Pretrain] selected epoch=078 val_acc=0.3087
[squirrel] embedding built after pretraining (shape=(5201, 128))
  selected-layer embedding (layer=1/2) shape=(5201, 128) mean=0.0024 std=0.0381 min=-0.1907 max=0.1610
Prediction embedding branch setting: branch=branch2, pre_agg_pca_dim=64, add_graph_engineered_features=True
[squirrel] prediction uses concatenated embedding: gnn_dim=128 + pre_agg_dim=64 -> total_dim=200
Appended graph engineered features to prediction embedding: [lap_rw_resp_norm, neighbor_count, degree, l2_diff_1hop(1), cos_sim_1hop(1), hop1_dispersion_trace(1), hop2_dispersion_trace(1), pagerank(1)], new_total_dim=200
[LinearHead] epoch=001 loss=4.5462 train_acc=0.2058 val_acc=0.1962
[LinearHead] epoch=020 loss=1.5960 train_acc=0.3333 val_acc=0.3096
[LinearHead] epoch=040 loss=1.3953 train_acc=0.3840 val_acc=0.3433
[LinearHead] epoch=060 loss=1.3775 train_acc=0.3875 val_acc=0.3404
[LinearHead] epoch=080 loss=1.3684 train_acc=0.3936 val_acc=0.3567
[LinearHead] epoch=100 loss=1.3614 train_acc=0.3939 val_acc=0.3519
[LinearHead] epoch=120 loss=1.3557 train_acc=0.3933 val_acc=0.3529
[LinearHead] epoch=140 loss=1.3507 train_acc=0.4000 val_acc=0.3567
[LinearHead] epoch=160 loss=1.3463 train_acc=0.4022 val_acc=0.3587
[LinearHead] epoch=180 loss=1.3425 train_acc=0.4032 val_acc=0.3606
[LinearHead] epoch=200 loss=1.3391 train_acc=0.4058 val_acc=0.3596
[LinearHead] selected epoch=182 val_acc=0.3615
Linear-head test accuracy: 0.3420
Linear-head classification report:
              precision    recall  f1-score   support

           0     0.4444    0.4593    0.4518       209
           1     0.2953    0.2115    0.2465       208
           2     0.2160    0.2212    0.2185       208
           3     0.2732    0.2404    0.2558       208
           4     0.4286    0.5769    0.4918       208

    accuracy                         0.3420      1041
   macro avg     0.3315    0.3419    0.3329      1041
weighted avg     0.3316    0.3420    0.3330      1041

