Linear pretrain split: train=3120, val=1040, test=1041
Split setting: source=random, requested_train_test_ratio=4.0000
Backbone setting: base_model=gcn, hidden_dim=128, embedding_dim=128, num_layers=1, dropout=0.5, gat_heads=8
[Pretrain] epoch=001 loss=1.6106 train_acc=0.2734 val_acc=0.2125
[Pretrain] epoch=020 loss=1.4002 train_acc=0.5029 val_acc=0.2721
[Pretrain] epoch=040 loss=1.2458 train_acc=0.5673 val_acc=0.2712
[Pretrain] epoch=060 loss=1.1516 train_acc=0.6151 val_acc=0.2538
[Pretrain] epoch=080 loss=1.1073 train_acc=0.6054 val_acc=0.2452
[Pretrain] epoch=100 loss=1.0760 train_acc=0.6497 val_acc=0.2567
[Pretrain] epoch=120 loss=1.0400 train_acc=0.6619 val_acc=0.2481
[Pretrain] epoch=140 loss=1.0189 train_acc=0.6609 val_acc=0.2346
[Pretrain] epoch=160 loss=1.0543 train_acc=0.6407 val_acc=0.2385
[Pretrain] epoch=180 loss=1.0373 train_acc=0.6587 val_acc=0.2327
[Pretrain] epoch=200 loss=1.0110 train_acc=0.6744 val_acc=0.2423
[Pretrain] epoch=220 loss=0.9963 train_acc=0.6747 val_acc=0.2394
[Pretrain] epoch=240 loss=0.9865 train_acc=0.6814 val_acc=0.2423
[Pretrain] epoch=260 loss=0.9795 train_acc=0.6881 val_acc=0.2442
[Pretrain] epoch=280 loss=0.9748 train_acc=0.6907 val_acc=0.2413
[Pretrain] epoch=300 loss=0.9716 train_acc=0.6920 val_acc=0.2423
[Pretrain] selected epoch=005 val_acc=0.2885
[squirrel] embedding built after pretraining (shape=(5201, 128))
  selected-layer embedding (layer=1/1) shape=(5201, 128) mean=0.0005 std=0.0246 min=-0.1525 max=0.1614
[squirrel] prediction uses concatenated embedding: gnn_dim=128 + pre_agg_dim=128 -> total_dim=259
Appended graph engineered features to prediction embedding: [lap_rw_resp_norm, neighbor_count, degree], new_total_dim=259
[LinearHead] epoch=001 loss=2.0401 train_acc=0.2224 val_acc=0.2192
[LinearHead] epoch=020 loss=1.4097 train_acc=0.4058 val_acc=0.2913
[LinearHead] epoch=040 loss=1.3048 train_acc=0.4471 val_acc=0.3279
[LinearHead] epoch=060 loss=1.2744 train_acc=0.4811 val_acc=0.3269
[LinearHead] epoch=080 loss=1.2548 train_acc=0.4888 val_acc=0.3279
[LinearHead] epoch=100 loss=1.2403 train_acc=0.4933 val_acc=0.3385
[LinearHead] epoch=120 loss=1.2288 train_acc=0.5003 val_acc=0.3404
[LinearHead] epoch=140 loss=1.2193 train_acc=0.5083 val_acc=0.3433
[LinearHead] epoch=160 loss=1.2111 train_acc=0.5115 val_acc=0.3433
[LinearHead] epoch=180 loss=1.2041 train_acc=0.5160 val_acc=0.3442
[LinearHead] epoch=200 loss=1.1979 train_acc=0.5196 val_acc=0.3471
[LinearHead] selected epoch=200 val_acc=0.3471
Linear-head test accuracy: 0.3391
Linear-head classification report:
              precision    recall  f1-score   support

           0     0.3878    0.3636    0.3753       209
           1     0.2673    0.2596    0.2634       208
           2     0.2746    0.2548    0.2643       208
           3     0.3228    0.2933    0.3073       208
           4     0.4176    0.5240    0.4648       208

    accuracy                         0.3391      1041
   macro avg     0.3340    0.3391    0.3350      1041
weighted avg     0.3341    0.3391    0.3351      1041

