Linear pretrain split: train=4864, val=1216, test=1520
Split setting: source=random, requested_train_test_ratio=4.0000
Fusion setting: encoder_fusion=sum, models=[gcn,gat,sage], hidden_dim=128, embedding_dim=128, num_layers=1, dropout=0.5, gat_heads=8, weighted_fusion_train_strategy=two-stage
Pretraining encoder: gcn
[Pretrain] epoch=001 loss=1.6077 train_acc=0.2595 val_acc=0.2590
[Pretrain] epoch=020 loss=1.4787 train_acc=0.3538 val_acc=0.2977
[Pretrain] epoch=040 loss=1.3982 train_acc=0.4256 val_acc=0.3076
[Pretrain] epoch=060 loss=1.3429 train_acc=0.4542 val_acc=0.2977
[Pretrain] epoch=080 loss=1.3058 train_acc=0.4741 val_acc=0.2887
[Pretrain] epoch=100 loss=1.2832 train_acc=0.4772 val_acc=0.2961
[Pretrain] epoch=120 loss=1.2695 train_acc=0.4846 val_acc=0.2919
[Pretrain] epoch=140 loss=1.2617 train_acc=0.4842 val_acc=0.2952
[Pretrain] epoch=160 loss=1.2560 train_acc=0.4844 val_acc=0.2878
[Pretrain] epoch=180 loss=1.2535 train_acc=0.4887 val_acc=0.2854
[Pretrain] epoch=200 loss=1.2516 train_acc=0.4918 val_acc=0.2821
[Pretrain] selected epoch=031 val_acc=0.3174
  gcn embedding shape: (7600, 128)
Pretraining encoder: gat
[Pretrain] epoch=001 loss=1.6172 train_acc=0.2539 val_acc=0.2401
[Pretrain] epoch=020 loss=1.5064 train_acc=0.3653 val_acc=0.3158
[Pretrain] epoch=040 loss=1.4782 train_acc=0.4143 val_acc=0.3043
[Pretrain] epoch=060 loss=1.4468 train_acc=0.4433 val_acc=0.3109
[Pretrain] epoch=080 loss=1.4354 train_acc=0.4468 val_acc=0.3109
[Pretrain] epoch=100 loss=1.4328 train_acc=0.4468 val_acc=0.3043
[Pretrain] epoch=120 loss=1.4259 train_acc=0.4521 val_acc=0.2961
[Pretrain] epoch=140 loss=1.4191 train_acc=0.4634 val_acc=0.3076
[Pretrain] epoch=160 loss=1.4140 train_acc=0.4607 val_acc=0.2928
[Pretrain] epoch=180 loss=1.4255 train_acc=0.4644 val_acc=0.2887
[Pretrain] epoch=200 loss=1.4171 train_acc=0.4607 val_acc=0.2977
[Pretrain] selected epoch=102 val_acc=0.3183
  gat embedding shape: (7600, 128)
Pretraining encoder: sage
[Pretrain] epoch=001 loss=1.6167 train_acc=0.2346 val_acc=0.2146
[Pretrain] epoch=020 loss=1.2718 train_acc=0.4788 val_acc=0.3808
[Pretrain] epoch=040 loss=1.1271 train_acc=0.5681 val_acc=0.3668
[Pretrain] epoch=060 loss=1.0396 train_acc=0.6141 val_acc=0.3627
[Pretrain] epoch=080 loss=0.9797 train_acc=0.6404 val_acc=0.3610
[Pretrain] epoch=100 loss=0.9378 train_acc=0.6600 val_acc=0.3528
[Pretrain] epoch=120 loss=0.9094 train_acc=0.6653 val_acc=0.3536
[Pretrain] epoch=140 loss=0.8934 train_acc=0.6766 val_acc=0.3413
[Pretrain] epoch=160 loss=0.8778 train_acc=0.6828 val_acc=0.3421
[Pretrain] epoch=180 loss=0.8672 train_acc=0.6912 val_acc=0.3421
[Pretrain] epoch=200 loss=0.8676 train_acc=0.6933 val_acc=0.3339
[Pretrain] selected epoch=022 val_acc=0.3865
  sage embedding shape: (7600, 128)
[Actor] fused embedding built (shape=(7600, 128))
  fused embedding stats shape=(7600, 128) mean=0.0004 std=0.9966 min=-17.8038 max=14.8240
  fusion weights [gcn, gat, sage] = [0.3333, 0.3333, 0.3333]
[Actor] prediction uses concatenated embedding: gnn_dim=128 + pre_agg_dim=64 -> total_dim=195
Appended graph engineered features to prediction embedding: [lap_rw_resp_norm, neighbor_count, degree], new_total_dim=195
Applied feature normalization: none.
Split complete: x_train=(6080, 195), x_test=(1520, 195), num_classes=5, actual_train_test_ratio=4.0000
TabPFN ensemble-average enabled: sources=['fused_sum', 'gat', 'gcn', 'sage'], candidates_per_table=1, context_size=fit-full, colsample=[0.95, 1.0], n_jobs=1
TabPFN ensemble-average test accuracy: 0.3750
TabPFN ensemble-average summary: num_candidates=4, table_weights={'fused_sum': 0.25, 'gat': 0.25, 'gcn': 0.25, 'sage': 0.25}
TabPFN ensemble-average classification report:
              precision    recall  f1-score   support

           0     0.4196    0.2749    0.3322       171
           1     0.3123    0.2959    0.3038       267
           2     0.2705    0.2730    0.2718       326
           3     0.2933    0.2755    0.2841       363
           4     0.5258    0.6489    0.5809       393

    accuracy                         0.3750      1520
   macro avg     0.3643    0.3536    0.3545      1520
weighted avg     0.3661    0.3750    0.3671      1520

