Linear pretrain split: train=4590, val=1530, test=1530
Split setting: source=random, requested_train_test_ratio=4.0000
Backbone setting: base_model=gat, hidden_dim=128, embedding_dim=128, num_layers=2, dropout=0.5, gat_heads=8, linkx_edge_layers=1, linkx_node_layers=1, fagcn_eps=0.1, gpr_alpha=0.1
[Pretrain] epoch=001 loss=2.0706 train_acc=0.2205 val_acc=0.2203
[Pretrain] epoch=020 loss=1.3645 train_acc=0.5035 val_acc=0.4961
[Pretrain] epoch=040 loss=0.5539 train_acc=0.8869 val_acc=0.8863
[Pretrain] epoch=060 loss=0.6148 train_acc=0.8732 val_acc=0.8627
[Pretrain] epoch=080 loss=0.4429 train_acc=0.9133 val_acc=0.9124
[Pretrain] epoch=100 loss=0.4105 train_acc=0.9170 val_acc=0.9013
[Pretrain] epoch=120 loss=0.3960 train_acc=0.9026 val_acc=0.8869
[Pretrain] epoch=140 loss=0.3697 train_acc=0.9244 val_acc=0.9163
[Pretrain] epoch=160 loss=0.6387 train_acc=0.7451 val_acc=0.7222
[Pretrain] epoch=180 loss=0.5005 train_acc=0.8734 val_acc=0.8745
[Pretrain] epoch=200 loss=0.3609 train_acc=0.9290 val_acc=0.9216
[Pretrain] epoch=220 loss=0.3677 train_acc=0.9296 val_acc=0.9170
[Pretrain] epoch=240 loss=0.3517 train_acc=0.9331 val_acc=0.9209
[Pretrain] epoch=260 loss=0.3413 train_acc=0.9320 val_acc=0.9176
[Pretrain] epoch=280 loss=0.3400 train_acc=0.9353 val_acc=0.9190
[Pretrain] epoch=300 loss=0.3285 train_acc=0.9379 val_acc=0.9235
[Pretrain] selected epoch=256 val_acc=0.9248
[Photo] embedding built after pretraining (shape=(7650, 128))
  selected-layer embedding (layer=1/2) shape=(7650, 1024) mean=0.0004 std=0.0051 min=-0.0428 max=0.0461
Prediction embedding branch setting: branch=branch2, pre_agg_pca_dim=0, add_graph_engineered_features=True
Appended graph engineered features to prediction embedding: [lap_rw_resp_norm, neighbor_count, degree, l2_diff_1hop(1), cos_sim_1hop(1), hop1_dispersion_trace(1), hop2_dispersion_trace(1), pagerank(1)], new_total_dim=136
[LinearHead] epoch=001 loss=4.2906 train_acc=0.1856 val_acc=0.1850
[LinearHead] epoch=020 loss=0.8906 train_acc=0.8508 val_acc=0.8314
[LinearHead] epoch=040 loss=0.4934 train_acc=0.9031 val_acc=0.8948
[LinearHead] epoch=060 loss=0.3672 train_acc=0.9224 val_acc=0.9163
[LinearHead] epoch=080 loss=0.3139 train_acc=0.9320 val_acc=0.9209
[LinearHead] epoch=100 loss=0.2837 train_acc=0.9338 val_acc=0.9229
[LinearHead] epoch=120 loss=0.2642 train_acc=0.9357 val_acc=0.9255
[LinearHead] epoch=140 loss=0.2505 train_acc=0.9377 val_acc=0.9275
[LinearHead] epoch=160 loss=0.2405 train_acc=0.9388 val_acc=0.9288
[LinearHead] epoch=180 loss=0.2329 train_acc=0.9390 val_acc=0.9301
[LinearHead] epoch=200 loss=0.2270 train_acc=0.9392 val_acc=0.9314
[LinearHead] selected epoch=199 val_acc=0.9314
Linear-head test accuracy: 0.9340
Linear-head classification report:
              precision    recall  f1-score   support

           0     0.9571    0.9054    0.9306        74
           1     0.9514    0.9288    0.9399       337
           2     0.9485    0.9149    0.9314       141
           3     0.8600    0.9399    0.8982       183
           4     0.9545    0.9545    0.9545       176
           5     0.9591    0.9939    0.9762       165
           6     0.9235    0.9639    0.9433       388
           7     0.9767    0.6364    0.7706        66

    accuracy                         0.9340      1530
   macro avg     0.9414    0.9047    0.9181      1530
weighted avg     0.9357    0.9340    0.9328      1530

